TN:
SF:contracts/Hashes.sol
DA:22,0
FN:22,Base64.encode
FNDA:0,Base64.encode
DA:23,0
DA:24,0
BRDA:24,0,0,-
DA:27,0
DA:30,0
DA:32,0
DA:35,0
DA:36,0
DA:39,0
DA:40,0
DA:41,0
DA:42,0
DA:44,0
DA:45,0
DA:46,0
DA:47,0
DA:48,0
DA:49,0
DA:50,0
DA:51,0
DA:53,0
DA:55,0
DA:58,0
DA:59,0
DA:60,0
DA:62,0
DA:63,0
DA:66,0
DA:69,0
DA:163,0
FN:163,Hashes.constructor
FNDA:0,Hashes.constructor
DA:167,0
DA:168,0
DA:169,0
DA:170,0
DA:171,0
DA:173,0
DA:175,0
DA:177,0
DA:184,0
FN:184,Hashes.lock
FNDA:0,Hashes.lock
DA:185,0
BRDA:185,1,0,-
BRDA:185,1,1,-
DA:186,0
DA:193,0
FN:193,Hashes.transferOwnership
FNDA:0,Hashes.transferOwnership
DA:194,0
BRDA:194,2,0,-
BRDA:194,2,1,-
DA:195,0
DA:202,0
FN:202,Hashes.setBaseTokenURI
FNDA:0,Hashes.setBaseTokenURI
DA:203,0
DA:204,0
DA:211,0
FN:211,Hashes.setMintFee
FNDA:0,Hashes.setMintFee
DA:212,0
DA:213,0
DA:220,0
FN:220,Hashes.activateTokens
FNDA:0,Hashes.activateTokens
DA:222,0
DA:223,0
DA:224,0
BRDA:224,3,0,-
DA:225,0
DA:226,0
DA:229,0
DA:234,0
DA:239,0
DA:240,0
DA:241,0
BRDA:241,4,0,-
BRDA:241,4,1,-
DA:242,0
DA:243,0
BRDA:243,5,0,-
BRDA:243,5,1,-
DA:244,0
BRDA:244,6,0,-
DA:245,0
DA:246,0
BRDA:246,7,0,-
BRDA:246,7,1,-
DA:249,0
DA:262,0
FN:262,Hashes.deactivateTokens
FNDA:0,Hashes.deactivateTokens
DA:270,0
BRDA:270,8,0,-
BRDA:270,8,1,-
DA:271,0
DA:272,0
DA:273,0
DA:276,0
BRDA:276,9,0,-
BRDA:276,9,1,-
DA:282,0
DA:283,0
DA:284,0
BRDA:284,10,0,-
DA:285,0
DA:286,0
DA:289,0
DA:294,0
DA:296,0
DA:306,0
FN:306,Hashes.generate
FNDA:0,Hashes.generate
DA:308,0
BRDA:308,11,0,-
BRDA:308,11,1,-
DA:311,0
BRDA:311,12,0,-
BRDA:311,12,1,-
DA:314,0
DA:317,0
DA:319,0
DA:320,0
BRDA:320,13,0,-
DA:324,0
DA:325,0
BRDA:325,14,0,-
BRDA:325,14,1,-
DA:328,0
DA:331,0
BRDA:331,15,0,-
DA:337,0
DA:338,0
BRDA:338,16,0,-
BRDA:338,16,1,-
DA:341,0
BRDA:341,17,0,-
DA:345,0
DA:348,0
DA:360,0
FN:360,Hashes.redeem
FNDA:0,Hashes.redeem
DA:362,0
BRDA:362,18,0,-
BRDA:362,18,1,-
DA:365,0
BRDA:365,19,0,-
BRDA:365,19,1,-
DA:368,0
BRDA:368,20,0,-
BRDA:368,20,1,-
DA:371,0
DA:374,0
DA:376,0
DA:387,0
FN:387,Hashes.verify
FNDA:0,Hashes.verify
DA:389,0
BRDA:389,21,0,-
DA:390,0
DA:394,0
DA:402,0
FN:402,Hashes.tokenURI
FNDA:0,Hashes.tokenURI
DA:404,0
BRDA:404,22,0,-
BRDA:404,22,1,-
DA:407,0
DA:415,0
FN:415,Hashes.getHash
FNDA:0,Hashes.getHash
DA:416,0
DA:424,0
FN:424,Hashes.getCurrentVotes
FNDA:0,Hashes.getCurrentVotes
DA:425,0
DA:426,0
DA:436,0
FN:436,Hashes.getPriorVotes
FNDA:0,Hashes.getPriorVotes
DA:437,0
BRDA:437,23,0,-
BRDA:437,23,1,-
DA:439,0
DA:440,0
BRDA:440,24,0,-
DA:441,0
DA:445,0
BRDA:445,25,0,-
DA:446,0
DA:450,0
BRDA:450,26,0,-
DA:451,0
DA:456,0
DA:457,0
DA:458,0
DA:460,0
DA:461,0
DA:462,0
BRDA:462,27,0,-
BRDA:462,27,1,-
DA:463,0
DA:464,0
BRDA:464,28,0,-
BRDA:464,28,1,-
DA:465,0
DA:467,0
DA:470,0
DA:488,0
FN:488,Hashes._beforeTokenTransfer
FNDA:0,Hashes._beforeTokenTransfer
DA:493,0
DA:495,0
BRDA:495,29,0,-
DA:498,0
DA:502,0
FN:502,Hashes._moveDelegates
FNDA:0,Hashes._moveDelegates
DA:503,0
BRDA:503,30,0,-
DA:506,0
BRDA:506,31,0,-
DA:509,0
DA:513,0
DA:514,0
DA:515,0
DA:518,0
BRDA:518,32,0,-
DA:520,0
DA:524,0
DA:525,0
DA:526,0
DA:531,0
FN:531,Hashes._writeCheckpoint
FNDA:0,Hashes._writeCheckpoint
DA:532,0
DA:533,0
DA:534,0
BRDA:534,33,0,-
BRDA:534,33,1,-
DA:536,0
DA:539,0
DA:540,0
DA:543,0
DA:546,0
FN:546,Hashes.getChainId
FNDA:0,Hashes.getChainId
DA:547,0
DA:549,0
DA:551,0
DA:554,0
FN:554,Hashes._toDecimalString
FNDA:0,Hashes._toDecimalString
DA:558,0
BRDA:558,34,0,-
DA:559,0
DA:561,0
DA:562,0
DA:563,0
DA:564,0
DA:565,0
DA:567,0
DA:568,0
DA:569,0
DA:570,0
DA:571,0
DA:573,0
DA:576,0
FN:576,Hashes._toHexString
FNDA:0,Hashes._toHexString
DA:577,0
DA:578,0
DA:579,0
DA:580,0
DA:581,0
DA:582,0
DA:584,0
DA:587,0
FN:587,Hashes.safe32
FNDA:0,Hashes.safe32
DA:588,0
BRDA:588,35,0,-
BRDA:588,35,1,-
DA:589,0
FNF:22
FNH:0
LF:189
LH:0
BRF:56
BRH:0
end_of_record
TN:
SF:contracts/HashesDAO.sol
DA:157,0
FN:157,HashesDAO.onlyAuthoritiesActive
FNDA:0,HashesDAO.onlyAuthoritiesActive
DA:158,0
BRDA:158,0,0,-
BRDA:158,0,1,-
DA:183,0
FN:183,HashesDAO.constructor
FNDA:0,HashesDAO.constructor
DA:194,0
DA:197,0
DA:198,0
DA:199,0
DA:200,0
DA:201,0
BRDA:201,1,0,-
BRDA:201,1,1,-
DA:202,0
DA:203,0
DA:205,0
DA:206,0
DA:207,0
DA:208,0
DA:209,0
DA:210,0
DA:211,0
DA:228,0
FN:228,HashesDAO.propose
FNDA:0,HashesDAO.propose
DA:236,0
BRDA:236,2,0,-
BRDA:236,2,1,-
DA:240,0
BRDA:240,3,0,-
BRDA:240,3,1,-
DA:245,0
BRDA:245,4,0,-
BRDA:245,4,1,-
DA:246,0
BRDA:246,5,0,-
BRDA:246,5,1,-
DA:248,0
BRDA:248,6,0,-
DA:250,0
DA:251,0
BRDA:251,7,0,-
BRDA:251,7,1,-
DA:255,0
BRDA:255,8,0,-
BRDA:255,8,1,-
DA:262,0
DA:265,0
DA:267,0
DA:268,0
DA:269,0
DA:270,0
DA:271,0
DA:272,0
DA:273,0
DA:274,0
DA:275,0
DA:276,0
DA:279,0
DA:281,0
DA:292,0
DA:302,0
FN:302,HashesDAO.queue
FNDA:0,HashesDAO.queue
DA:306,0
BRDA:306,9,0,-
BRDA:306,9,1,-
DA:309,0
DA:313,0
DA:314,0
DA:316,0
DA:319,0
BRDA:319,10,0,-
BRDA:319,10,1,-
DA:320,0
DA:321,0
DA:326,0
DA:327,0
DA:338,0
FN:338,HashesDAO.execute
FNDA:0,HashesDAO.execute
DA:340,0
BRDA:340,11,0,-
BRDA:340,11,1,-
DA:341,0
DA:343,0
BRDA:343,12,0,-
BRDA:343,12,1,-
DA:346,0
BRDA:346,13,0,-
BRDA:346,13,1,-
DA:348,0
DA:351,0
DA:352,0
DA:357,0
BRDA:357,14,0,-
BRDA:357,14,1,-
DA:359,0
DA:362,0
DA:363,0
BRDA:363,15,0,-
BRDA:363,15,1,-
DA:364,0
DA:366,0
DA:368,0
BRDA:368,16,0,-
BRDA:368,16,1,-
DA:370,0
DA:379,0
DA:389,0
FN:389,HashesDAO.cancel
FNDA:0,HashesDAO.cancel
DA:390,0
DA:393,0
BRDA:393,17,0,-
BRDA:393,17,1,-
DA:395,0
DA:400,0
BRDA:400,18,0,-
BRDA:400,18,1,-
DA:405,0
DA:408,0
DA:409,0
DA:414,0
DA:415,0
DA:425,0
DA:436,0
FN:436,HashesDAO.castVote
FNDA:0,HashesDAO.castVote
DA:439,0
DA:452,0
FN:452,HashesDAO.castVoteBySig
FNDA:0,HashesDAO.castVoteBySig
DA:460,0
DA:461,0
DA:467,0
DA:470,0
DA:478,0
FN:478,HashesDAO.veto
FNDA:0,HashesDAO.veto
DA:479,0
DA:482,0
BRDA:482,19,0,-
BRDA:482,19,1,-
DA:484,0
DA:488,0
DA:489,0
DA:490,0
DA:493,0
DA:496,0
DA:497,0
DA:502,0
DA:503,0
DA:513,0
DA:524,0
FN:524,HashesDAO.deactivateAuthorities
FNDA:0,HashesDAO.deactivateAuthorities
DA:530,0
DA:531,0
DA:534,0
DA:537,0
DA:538,0
DA:539,0
DA:540,0
DA:543,0
DA:555,0
FN:555,HashesDAO.getActions
FNDA:0,HashesDAO.getActions
DA:565,0
DA:566,0
DA:575,0
FN:575,HashesDAO.getAuthorityStatus
FNDA:0,HashesDAO.getAuthorityStatus
DA:576,0
DA:586,0
FN:586,HashesDAO.getReceipt
FNDA:0,HashesDAO.getReceipt
DA:587,0
DA:595,0
FN:595,HashesDAO.getProposal
FNDA:0,HashesDAO.getProposal
DA:600,0
DA:601,0
DA:621,0
FN:621,HashesDAO.getIsQueuedTransaction
FNDA:0,HashesDAO.getIsQueuedTransaction
DA:622,0
DA:629,0
FN:629,HashesDAO.getProposalCount
FNDA:0,HashesDAO.getProposalCount
DA:630,0
DA:638,0
FN:638,HashesDAO.getLatestProposalId
FNDA:0,HashesDAO.getLatestProposalId
DA:639,0
DA:648,0
FN:648,HashesDAO.state
FNDA:0,HashesDAO.state
DA:649,0
BRDA:649,20,0,-
BRDA:649,20,1,-
DA:650,0
DA:655,0
BRDA:655,21,0,-
BRDA:655,21,1,-
DA:656,0
DA:657,0
BRDA:657,22,0,-
BRDA:657,22,1,-
DA:658,0
DA:659,0
BRDA:659,23,0,-
BRDA:659,23,1,-
DA:660,0
DA:661,0
BRDA:661,24,0,-
BRDA:661,24,1,-
DA:662,0
DA:663,0
BRDA:663,25,0,-
BRDA:663,25,1,-
DA:664,0
DA:665,0
BRDA:665,26,0,-
BRDA:665,26,1,-
DA:666,0
DA:667,0
BRDA:667,27,0,-
BRDA:667,27,1,-
DA:668,0
DA:670,0
DA:674,0
FN:674,HashesDAO._castVote
FNDA:0,HashesDAO._castVote
DA:682,0
BRDA:682,28,0,-
BRDA:682,28,1,-
DA:684,0
BRDA:684,29,0,-
BRDA:684,29,1,-
DA:685,0
DA:686,0
DA:689,0
BRDA:689,30,0,-
BRDA:689,30,1,-
DA:694,0
DA:697,0
BRDA:697,31,0,-
BRDA:697,31,1,-
DA:698,0
BRDA:698,32,0,-
BRDA:698,32,1,-
DA:700,0
DA:703,0
DA:707,0
DA:708,0
DA:709,0
DA:712,0
BRDA:712,33,0,-
DA:713,0
DA:714,0
BRDA:714,34,0,-
DA:716,0
DA:717,0
BRDA:717,35,0,-
BRDA:717,35,1,-
DA:721,0
DA:730,0
FN:730,HashesDAO._verifyAuthorityAction
FNDA:0,HashesDAO._verifyAuthorityAction
DA:731,0
DA:732,0
DA:733,0
DA:734,0
BRDA:734,36,0,-
BRDA:734,36,1,-
DA:735,0
BRDA:735,37,0,-
BRDA:735,37,1,-
DA:736,0
DA:738,0
BRDA:738,38,0,-
BRDA:738,38,1,-
DA:741,0
FN:741,HashesDAO.getChainId
FNDA:0,HashesDAO.getChainId
DA:742,0
DA:744,0
DA:746,0
FNF:21
FNH:0
LF:176
LH:0
BRF:75
BRH:0
end_of_record
TN:
SF:contracts/hashes_collections/CollectionFactory.sol
DA:82,0
FN:82,CollectionFactory.onlyOwnerOrFactoryMaintainer
FNDA:0,CollectionFactory.onlyOwnerOrFactoryMaintainer
DA:83,0
BRDA:83,0,0,-
BRDA:83,0,1,-
DA:93,0
FN:93,CollectionFactory.constructor
FNDA:0,CollectionFactory.constructor
DA:95,0
DA:96,0
DA:99,0
DA:108,0
FN:108,CollectionFactory.addImplementationAddress
FNDA:0,CollectionFactory.addImplementationAddress
DA:112,0
BRDA:112,1,0,-
BRDA:112,1,1,-
DA:113,0
DA:114,0
BRDA:114,2,0,-
BRDA:114,2,1,-
DA:115,0
BRDA:115,3,0,-
BRDA:115,3,1,-
DA:117,0
DA:118,0
BRDA:118,4,0,-
BRDA:118,4,1,-
DA:124,0
DA:125,0
DA:127,0
DA:129,0
DA:138,0
FN:138,CollectionFactory.createCollection
FNDA:0,CollectionFactory.createCollection
DA:143,0
DA:144,0
BRDA:144,5,0,-
BRDA:144,5,1,-
DA:145,0
BRDA:145,6,0,-
BRDA:145,6,1,-
DA:147,0
DA:148,0
DA:150,0
DA:152,0
DA:159,0
FN:159,CollectionFactory.setFactoryMaintainerAddress
FNDA:0,CollectionFactory.setFactoryMaintainerAddress
DA:164,0
DA:165,0
DA:176,0
FN:176,CollectionFactory.removeImplementationAddresses
FNDA:0,CollectionFactory.removeImplementationAddresses
DA:181,0
BRDA:181,7,0,-
BRDA:181,7,1,-
DA:188,0
DA:191,0
DA:192,0
BRDA:192,8,0,-
BRDA:192,8,1,-
DA:196,0
DA:198,0
DA:199,0
DA:200,0
DA:202,0
BRDA:202,9,0,-
BRDA:202,9,1,-
DA:203,0
BRDA:203,10,0,-
BRDA:203,10,1,-
DA:204,0
DA:205,0
BRDA:205,11,0,-
BRDA:205,11,1,-
DA:206,0
BRDA:206,12,0,-
BRDA:206,12,1,-
DA:215,0
DA:216,0
DA:219,0
DA:228,0
FN:228,CollectionFactory.removeCollection
FNDA:0,CollectionFactory.removeCollection
DA:233,0
DA:234,0
BRDA:234,13,0,-
BRDA:234,13,1,-
DA:235,0
BRDA:235,14,0,-
BRDA:235,14,1,-
DA:236,0
BRDA:236,15,0,-
BRDA:236,15,1,-
DA:242,0
DA:243,0
DA:245,0
DA:257,0
FN:257,CollectionFactory.createEcosystemSettings
FNDA:0,CollectionFactory.createEcosystemSettings
DA:262,0
DA:263,0
BRDA:263,16,0,-
BRDA:263,16,1,-
DA:268,0
DA:269,0
DA:271,0
DA:273,0
DA:285,0
FN:285,CollectionFactory.updateEcosystemSettings
FNDA:0,CollectionFactory.updateEcosystemSettings
DA:286,0
BRDA:286,17,0,-
BRDA:286,17,1,-
DA:287,0
BRDA:287,18,0,-
BRDA:287,18,1,-
DA:292,0
DA:293,0
BRDA:293,19,0,-
BRDA:293,19,1,-
DA:298,0
DA:299,0
DA:301,0
DA:310,0
FN:310,CollectionFactory.getEcosystemSettings
FNDA:0,CollectionFactory.getEcosystemSettings
DA:316,0
BRDA:316,20,0,-
BRDA:316,20,1,-
DA:318,0
DA:327,0
FN:327,CollectionFactory.getCollections.0
FNDA:0,CollectionFactory.getCollections.0
DA:328,0
BRDA:328,21,0,-
BRDA:328,21,1,-
DA:329,0
DA:340,0
FN:340,CollectionFactory.getCollections.1
FNDA:0,CollectionFactory.getCollections.1
DA:346,0
DA:348,0
BRDA:348,22,0,-
BRDA:348,22,1,-
DA:349,0
BRDA:349,23,0,-
BRDA:349,23,1,-
DA:355,0
DA:356,0
DA:357,0
DA:359,0
DA:366,0
FN:366,CollectionFactory.getEcosystems.0
FNDA:0,CollectionFactory.getEcosystems.0
DA:367,0
DA:376,0
FN:376,CollectionFactory.getEcosystems.1
FNDA:0,CollectionFactory.getEcosystems.1
DA:377,0
BRDA:377,24,0,-
BRDA:377,24,1,-
DA:382,0
DA:383,0
DA:384,0
DA:386,0
DA:394,0
FN:394,CollectionFactory.getImplementationAddresses.0
FNDA:0,CollectionFactory.getImplementationAddresses.0
DA:400,0
BRDA:400,25,0,-
BRDA:400,25,1,-
DA:401,0
DA:411,0
FN:411,CollectionFactory.getImplementationAddresses.1
FNDA:0,CollectionFactory.getImplementationAddresses.1
DA:417,0
BRDA:417,26,0,-
BRDA:417,26,1,-
DA:418,0
BRDA:418,27,0,-
BRDA:418,27,1,-
DA:424,0
DA:425,0
DA:426,0
DA:428,0
DA:431,0
FN:431,CollectionFactory.getCheckpointedSettings
FNDA:0,CollectionFactory.getCheckpointedSettings
DA:436,0
BRDA:436,28,0,-
BRDA:436,28,1,-
DA:441,0
BRDA:441,29,0,-
DA:442,0
DA:446,0
DA:447,0
DA:448,0
DA:449,0
DA:451,0
BRDA:451,30,0,-
DA:452,0
DA:454,0
BRDA:454,31,0,-
BRDA:454,31,1,-
DA:455,0
DA:457,0
DA:460,0
DA:463,0
FN:463,CollectionFactory.safe64
FNDA:0,CollectionFactory.safe64
DA:464,0
BRDA:464,32,0,-
BRDA:464,32,1,-
DA:465,0
FNF:18
FNH:0
LF:117
LH:0
BRF:64
BRH:0
end_of_record
TN:
SF:contracts/hashes_collections/CollectionNFTCloneableV1.sol
DA:146,0
FN:146,CollectionNFTCloneableV1.initialized
FNDA:0,CollectionNFTCloneableV1.initialized
DA:147,0
BRDA:147,0,0,-
BRDA:147,0,1,-
DA:151,0
FN:151,CollectionNFTCloneableV1.onlyOwnerOrHashesDAO
FNDA:0,CollectionNFTCloneableV1.onlyOwnerOrHashesDAO
DA:152,0
BRDA:152,1,0,-
BRDA:152,1,1,-
DA:159,0
FN:159,CollectionNFTCloneableV1.onlyCreator
FNDA:0,CollectionNFTCloneableV1.onlyCreator
DA:160,0
BRDA:160,2,0,-
BRDA:160,2,1,-
DA:184,0
FN:184,CollectionNFTCloneableV1.verifyEcosystemSettings
FNDA:0,CollectionNFTCloneableV1.verifyEcosystemSettings
DA:185,0
DA:189,0
DA:191,0
DA:192,0
DA:224,0
FN:224,CollectionNFTCloneableV1.initialize
FNDA:0,CollectionNFTCloneableV1.initialize
DA:230,0
BRDA:230,3,0,-
BRDA:230,3,1,-
DA:232,0
DA:233,0
DA:236,0
DA:237,0
DA:238,0
DA:239,0
DA:240,0
DA:241,0
DA:242,0
DA:243,0
DA:244,0
DA:245,0
DA:247,0
DA:248,0
DA:251,0
DA:254,0
BRDA:254,4,0,-
BRDA:254,4,1,-
DA:259,0
DA:261,0
DA:263,0
DA:285,0
FN:285,CollectionNFTCloneableV1.mint
FNDA:0,CollectionNFTCloneableV1.mint
DA:286,0
BRDA:286,5,0,-
BRDA:286,5,1,-
DA:287,0
BRDA:287,6,0,-
BRDA:287,6,1,-
DA:291,0
BRDA:291,7,0,-
BRDA:291,7,1,-
DA:297,0
DA:298,0
DA:299,0
BRDA:299,8,0,-
BRDA:299,8,1,-
DA:302,0
DA:303,0
BRDA:303,9,0,-
BRDA:303,9,1,-
DA:305,0
DA:308,0
DA:309,0
DA:311,0
DA:312,0
BRDA:312,10,0,-
DA:314,0
DA:316,0
DA:317,0
BRDA:317,11,0,-
BRDA:317,11,1,-
DA:321,0
BRDA:321,12,0,-
DA:325,0
DA:326,0
BRDA:326,13,0,-
BRDA:326,13,1,-
DA:328,0
DA:331,0
BRDA:331,14,0,-
DA:337,0
DA:338,0
BRDA:338,15,0,-
BRDA:338,15,1,-
DA:341,0
DA:343,0
DA:350,0
FN:350,CollectionNFTCloneableV1.burn
FNDA:0,CollectionNFTCloneableV1.burn
DA:351,0
BRDA:351,16,0,-
BRDA:351,16,1,-
DA:354,0
DA:356,0
DA:364,0
FN:364,CollectionNFTCloneableV1.completeSignatureBlock
FNDA:0,CollectionNFTCloneableV1.completeSignatureBlock
DA:365,0
BRDA:365,17,0,-
BRDA:365,17,1,-
DA:366,0
BRDA:366,18,0,-
BRDA:366,18,1,-
DA:369,0
BRDA:369,19,0,-
BRDA:369,19,1,-
DA:373,0
DA:375,0
DA:379,0
FN:379,CollectionNFTCloneableV1.royaltyInfo
FNDA:0,CollectionNFTCloneableV1.royaltyInfo
DA:388,0
DA:398,0
FN:398,CollectionNFTCloneableV1.renounceOwnership
FNDA:0,CollectionNFTCloneableV1.renounceOwnership
DA:399,0
DA:410,0
FN:410,CollectionNFTCloneableV1.transferOwnership
FNDA:0,CollectionNFTCloneableV1.transferOwnership
DA:411,0
BRDA:411,20,0,-
BRDA:411,20,1,-
DA:412,0
DA:419,0
FN:419,CollectionNFTCloneableV1.setBaseTokenURI
FNDA:0,CollectionNFTCloneableV1.setBaseTokenURI
DA:420,0
DA:421,0
DA:428,0
FN:428,CollectionNFTCloneableV1.setRoyaltyBps
FNDA:0,CollectionNFTCloneableV1.setRoyaltyBps
DA:429,0
BRDA:429,21,0,-
BRDA:429,21,1,-
DA:433,0
DA:434,0
DA:442,0
FN:442,CollectionNFTCloneableV1.transferCreator
FNDA:0,CollectionNFTCloneableV1.transferCreator
DA:443,0
DA:444,0
DA:445,0
DA:448,0
FN:448,CollectionNFTCloneableV1.setSignatureBlockAddress
FNDA:0,CollectionNFTCloneableV1.setSignatureBlockAddress
DA:449,0
BRDA:449,22,0,-
BRDA:449,22,1,-
DA:450,0
DA:451,0
DA:458,0
FN:458,CollectionNFTCloneableV1.withdraw
FNDA:0,CollectionNFTCloneableV1.withdraw
DA:461,0
DA:465,0
DA:469,0
DA:471,0
BRDA:471,23,0,-
DA:472,0
DA:473,0
BRDA:473,24,0,-
BRDA:473,24,1,-
DA:476,0
BRDA:476,25,0,-
DA:477,0
DA:478,0
BRDA:478,26,0,-
BRDA:478,26,1,-
DA:481,0
DA:484,0
FN:484,CollectionNFTCloneableV1.supportsInterface
FNDA:0,CollectionNFTCloneableV1.supportsInterface
DA:485,0
DA:492,0
FN:492,CollectionNFTCloneableV1.tokenURI
FNDA:0,CollectionNFTCloneableV1.tokenURI
DA:494,0
BRDA:494,27,0,-
BRDA:494,27,1,-
DA:497,0
DA:503,0
FN:503,CollectionNFTCloneableV1.name
FNDA:0,CollectionNFTCloneableV1.name
DA:504,0
DA:510,0
FN:510,CollectionNFTCloneableV1.symbol
FNDA:0,CollectionNFTCloneableV1.symbol
DA:511,0
DA:514,0
FN:514,CollectionNFTCloneableV1._toDecimalString
FNDA:0,CollectionNFTCloneableV1._toDecimalString
DA:518,0
BRDA:518,28,0,-
DA:519,0
DA:521,0
DA:522,0
DA:523,0
DA:524,0
DA:525,0
DA:527,0
DA:528,0
DA:529,0
DA:530,0
DA:531,0
DA:533,0
DA:536,0
FN:536,CollectionNFTCloneableV1.safe64
FNDA:0,CollectionNFTCloneableV1.safe64
DA:537,0
BRDA:537,29,0,-
BRDA:537,29,1,-
DA:538,0
DA:541,0
FN:541,CollectionNFTCloneableV1.safe128
FNDA:0,CollectionNFTCloneableV1.safe128
DA:542,0
BRDA:542,30,0,-
BRDA:542,30,1,-
DA:543,0
FNF:23
FNH:0
LF:130
LH:0
BRF:56
BRH:0
end_of_record
TN:
SF:contracts/hashes_collections/CollectionNFTCloneableV2.sol
DA:149,0
FN:149,CollectionNFTCloneableV2.initialized
FNDA:0,CollectionNFTCloneableV2.initialized
DA:150,0
BRDA:150,0,0,-
BRDA:150,0,1,-
DA:154,0
FN:154,CollectionNFTCloneableV2.onlyOwnerOrHashesDAO
FNDA:0,CollectionNFTCloneableV2.onlyOwnerOrHashesDAO
DA:155,0
BRDA:155,1,0,-
BRDA:155,1,1,-
DA:162,0
FN:162,CollectionNFTCloneableV2.onlyCreator
FNDA:0,CollectionNFTCloneableV2.onlyCreator
DA:163,0
BRDA:163,2,0,-
BRDA:163,2,1,-
DA:187,0
FN:187,CollectionNFTCloneableV2.verifyEcosystemSettings
FNDA:0,CollectionNFTCloneableV2.verifyEcosystemSettings
DA:188,0
DA:192,0
DA:194,0
DA:195,0
DA:230,0
FN:230,CollectionNFTCloneableV2.initialize
FNDA:0,CollectionNFTCloneableV2.initialize
DA:236,0
BRDA:236,3,0,-
BRDA:236,3,1,-
DA:238,0
DA:239,0
DA:242,0
DA:243,0
DA:244,0
DA:245,0
DA:246,0
DA:247,0
DA:248,0
DA:249,0
DA:250,0
DA:251,0
DA:253,0
DA:254,0
DA:257,0
DA:260,0
BRDA:260,4,0,-
BRDA:260,4,1,-
DA:265,0
DA:267,0
DA:269,0
DA:283,0
FN:283,CollectionNFTCloneableV2.draw
FNDA:0,CollectionNFTCloneableV2.draw
DA:285,0
BRDA:285,5,0,-
BRDA:285,5,1,-
DA:288,0
DA:304,0
FN:304,CollectionNFTCloneableV2.mint
FNDA:0,CollectionNFTCloneableV2.mint
DA:305,0
BRDA:305,6,0,-
BRDA:305,6,1,-
DA:306,0
BRDA:306,7,0,-
BRDA:306,7,1,-
DA:310,0
BRDA:310,8,0,-
BRDA:310,8,1,-
DA:316,0
DA:317,0
DA:318,0
BRDA:318,9,0,-
BRDA:318,9,1,-
DA:321,0
DA:322,0
BRDA:322,10,0,-
BRDA:322,10,1,-
DA:324,0
DA:327,0
DA:328,0
DA:330,0
DA:331,0
BRDA:331,11,0,-
DA:333,0
DA:335,0
DA:336,0
BRDA:336,12,0,-
BRDA:336,12,1,-
DA:340,0
BRDA:340,13,0,-
DA:344,0
DA:345,0
BRDA:345,14,0,-
BRDA:345,14,1,-
DA:347,0
DA:350,0
BRDA:350,15,0,-
DA:356,0
DA:357,0
BRDA:357,16,0,-
BRDA:357,16,1,-
DA:362,0
DA:366,0
DA:369,0
DA:371,0
DA:378,0
FN:378,CollectionNFTCloneableV2.burn
FNDA:0,CollectionNFTCloneableV2.burn
DA:379,0
BRDA:379,17,0,-
BRDA:379,17,1,-
DA:382,0
DA:384,0
DA:392,0
FN:392,CollectionNFTCloneableV2.completeSignatureBlock
FNDA:0,CollectionNFTCloneableV2.completeSignatureBlock
DA:393,0
BRDA:393,18,0,-
BRDA:393,18,1,-
DA:394,0
BRDA:394,19,0,-
BRDA:394,19,1,-
DA:397,0
BRDA:397,20,0,-
BRDA:397,20,1,-
DA:401,0
DA:403,0
DA:407,0
FN:407,CollectionNFTCloneableV2.royaltyInfo
FNDA:0,CollectionNFTCloneableV2.royaltyInfo
DA:416,0
DA:426,0
FN:426,CollectionNFTCloneableV2.renounceOwnership
FNDA:0,CollectionNFTCloneableV2.renounceOwnership
DA:427,0
DA:438,0
FN:438,CollectionNFTCloneableV2.transferOwnership
FNDA:0,CollectionNFTCloneableV2.transferOwnership
DA:439,0
BRDA:439,21,0,-
BRDA:439,21,1,-
DA:440,0
DA:447,0
FN:447,CollectionNFTCloneableV2.setRoyaltyBps
FNDA:0,CollectionNFTCloneableV2.setRoyaltyBps
DA:448,0
BRDA:448,22,0,-
BRDA:448,22,1,-
DA:452,0
DA:453,0
DA:461,0
FN:461,CollectionNFTCloneableV2.transferCreator
FNDA:0,CollectionNFTCloneableV2.transferCreator
DA:462,0
DA:463,0
DA:464,0
DA:467,0
FN:467,CollectionNFTCloneableV2.setSignatureBlockAddress
FNDA:0,CollectionNFTCloneableV2.setSignatureBlockAddress
DA:468,0
BRDA:468,23,0,-
BRDA:468,23,1,-
DA:469,0
DA:470,0
DA:477,0
FN:477,CollectionNFTCloneableV2.withdraw
FNDA:0,CollectionNFTCloneableV2.withdraw
DA:480,0
DA:484,0
DA:488,0
DA:490,0
BRDA:490,24,0,-
DA:491,0
DA:492,0
BRDA:492,25,0,-
BRDA:492,25,1,-
DA:495,0
BRDA:495,26,0,-
DA:496,0
DA:497,0
BRDA:497,27,0,-
BRDA:497,27,1,-
DA:500,0
DA:503,0
FN:503,CollectionNFTCloneableV2.supportsInterface
FNDA:0,CollectionNFTCloneableV2.supportsInterface
DA:504,0
DA:511,0
FN:511,CollectionNFTCloneableV2.tokenURI
FNDA:0,CollectionNFTCloneableV2.tokenURI
DA:513,0
BRDA:513,28,0,-
BRDA:513,28,1,-
DA:515,0
DA:521,0
FN:521,CollectionNFTCloneableV2.name
FNDA:0,CollectionNFTCloneableV2.name
DA:522,0
DA:528,0
FN:528,CollectionNFTCloneableV2.symbol
FNDA:0,CollectionNFTCloneableV2.symbol
DA:529,0
DA:532,0
FN:532,CollectionNFTCloneableV2.safe64
FNDA:0,CollectionNFTCloneableV2.safe64
DA:533,0
BRDA:533,29,0,-
BRDA:533,29,1,-
DA:534,0
DA:537,0
FN:537,CollectionNFTCloneableV2.safe128
FNDA:0,CollectionNFTCloneableV2.safe128
DA:538,0
BRDA:538,30,0,-
BRDA:538,30,1,-
DA:539,0
FNF:22
FNH:0
LF:118
LH:0
BRF:57
BRH:0
end_of_record
TN:
SF:contracts/hashes_collections/CollectionPaymentSplitterCloneable.sol
DA:30,0
FN:30,CollectionPaymentSplitterCloneable.initialized
FNDA:0,CollectionPaymentSplitterCloneable.initialized
DA:31,0
BRDA:31,0,0,-
BRDA:31,0,1,-
DA:41,0
FN:41,CollectionPaymentSplitterCloneable.verifyEcosystemSettings
FNDA:0,CollectionPaymentSplitterCloneable.verifyEcosystemSettings
DA:42,0
DA:55,0
FN:55,CollectionPaymentSplitterCloneable.initialize
FNDA:0,CollectionPaymentSplitterCloneable.initialize
DA:59,0
BRDA:59,1,0,-
BRDA:59,1,1,-
DA:61,0
DA:63,0
DA:64,0
DA:66,0
DA:68,0
DA:75,0
FN:75,CollectionPaymentSplitterCloneable.setBaseTokenURI
FNDA:0,CollectionPaymentSplitterCloneable.setBaseTokenURI
DA:80,0
DA:87,0
FN:87,CollectionPaymentSplitterCloneable.setRoyaltyBps
FNDA:0,CollectionPaymentSplitterCloneable.setRoyaltyBps
DA:88,0
DA:95,0
FN:95,CollectionPaymentSplitterCloneable.transferCreator
FNDA:0,CollectionPaymentSplitterCloneable.transferCreator
DA:100,0
FNF:6
FNH:0
LF:17
LH:0
BRF:4
BRH:0
end_of_record
TN:
SF:contracts/hashes_collections/MultiStageAllowlistCloneable.sol
DA:129,0
FN:129,MultiStageAllowlistCloneable.validStage
FNDA:0,MultiStageAllowlistCloneable.validStage
DA:130,0
BRDA:130,0,0,-
BRDA:130,0,1,-
DA:137,0
FN:137,MultiStageAllowlistCloneable.isInitialized
FNDA:0,MultiStageAllowlistCloneable.isInitialized
DA:138,0
BRDA:138,1,0,-
BRDA:138,1,1,-
DA:154,0
FN:154,MultiStageAllowlistCloneable.initialize
FNDA:0,MultiStageAllowlistCloneable.initialize
DA:160,0
BRDA:160,2,0,-
BRDA:160,2,1,-
DA:162,0
DA:164,0
DA:166,0
DA:167,0
DA:169,0
DA:171,0
DA:172,0
DA:173,0
DA:174,0
DA:175,0
DA:176,0
DA:177,0
DA:178,0
DA:180,0
DA:181,0
DA:184,0
DA:185,0
DA:189,0
DA:190,0
DA:197,0
FN:197,MultiStageAllowlistCloneable.setNftAddress
FNDA:0,MultiStageAllowlistCloneable.setNftAddress
DA:198,0
BRDA:198,3,0,-
BRDA:198,3,1,-
DA:199,0
BRDA:199,4,0,-
BRDA:199,4,1,-
DA:200,0
DA:209,0
FN:209,MultiStageAllowlistCloneable.setTokenIdEligibility
FNDA:0,MultiStageAllowlistCloneable.setTokenIdEligibility
DA:215,0
DA:216,0
BRDA:216,5,0,-
BRDA:216,5,1,-
DA:217,0
DA:220,0
DA:230,0
FN:230,MultiStageAllowlistCloneable.setTokenIdAllowlist
FNDA:0,MultiStageAllowlistCloneable.setTokenIdAllowlist
DA:236,0
DA:237,0
DA:240,0
DA:249,0
FN:249,MultiStageAllowlistCloneable.setWalletEligibility
FNDA:0,MultiStageAllowlistCloneable.setWalletEligibility
DA:255,0
DA:263,0
FN:263,MultiStageAllowlistCloneable.setEligibilityExtension
FNDA:0,MultiStageAllowlistCloneable.setEligibilityExtension
DA:269,0
DA:276,0
FN:276,MultiStageAllowlistCloneable.setStageState
FNDA:0,MultiStageAllowlistCloneable.setStageState
DA:277,0
DA:283,0
FN:283,MultiStageAllowlistCloneable.closeMinting
FNDA:0,MultiStageAllowlistCloneable.closeMinting
DA:284,0
DA:290,0
FN:290,MultiStageAllowlistCloneable.startNextStage
FNDA:0,MultiStageAllowlistCloneable.startNextStage
DA:291,0
BRDA:291,6,0,-
BRDA:291,6,1,-
DA:292,0
DA:294,0
BRDA:294,7,0,-
BRDA:294,7,1,-
DA:297,0
DA:304,0
FN:304,MultiStageAllowlistCloneable.startStage
FNDA:0,MultiStageAllowlistCloneable.startStage
DA:305,0
BRDA:305,8,0,-
DA:306,0
BRDA:306,9,0,-
BRDA:306,9,1,-
DA:309,0
DA:310,0
DA:319,0
FN:319,MultiStageAllowlistCloneable.isTokenEligibleToMint
FNDA:0,MultiStageAllowlistCloneable.isTokenEligibleToMint
DA:327,0
DA:328,0
DA:329,0
DA:331,0
BRDA:331,10,0,-
DA:332,0
DA:335,0
DA:336,0
DA:338,0
BRDA:338,11,0,-
DA:339,0
DA:343,0
BRDA:343,12,0,-
DA:344,0
DA:348,0
DA:357,0
FN:357,MultiStageAllowlistCloneable.getTokenMintFee
FNDA:0,MultiStageAllowlistCloneable.getTokenMintFee
DA:364,0
DA:373,0
FN:373,MultiStageAllowlistCloneable.verifyEcosystemSettings
FNDA:0,MultiStageAllowlistCloneable.verifyEcosystemSettings
DA:374,0
DA:383,0
FN:383,MultiStageAllowlistCloneable._isTokenIdAllowed
FNDA:0,MultiStageAllowlistCloneable._isTokenIdAllowed
DA:385,0
BRDA:385,13,0,-
DA:387,0
DA:388,0
DA:389,0
DA:390,0
DA:398,0
FN:398,MultiStageAllowlistCloneable._getTokenElementPositions
FNDA:0,MultiStageAllowlistCloneable._getTokenElementPositions
DA:400,0
DA:402,0
DA:404,0
DA:412,0
FN:412,MultiStageAllowlistCloneable._setBit
FNDA:0,MultiStageAllowlistCloneable._setBit
DA:413,0
BRDA:413,14,0,-
BRDA:413,14,1,-
DA:414,0
DA:422,0
FN:422,MultiStageAllowlistCloneable._clearBit
FNDA:0,MultiStageAllowlistCloneable._clearBit
DA:423,0
BRDA:423,15,0,-
BRDA:423,15,1,-
DA:424,0
FNF:19
FNH:0
LF:89
LH:0
BRF:27
BRH:0
end_of_record
TN:
SF:contracts/hashes_collections/MultistageAllowlistCloneable.sol
DA:129,0
FN:129,MultiStageAllowlistCloneable.validStage
FNDA:0,MultiStageAllowlistCloneable.validStage
DA:130,0
BRDA:130,0,0,-
BRDA:130,0,1,-
DA:137,0
FN:137,MultiStageAllowlistCloneable.isInitialized
FNDA:0,MultiStageAllowlistCloneable.isInitialized
DA:138,0
BRDA:138,1,0,-
BRDA:138,1,1,-
DA:154,0
FN:154,MultiStageAllowlistCloneable.initialize
FNDA:0,MultiStageAllowlistCloneable.initialize
DA:160,0
BRDA:160,2,0,-
BRDA:160,2,1,-
DA:162,0
DA:164,0
DA:166,0
DA:167,0
DA:169,0
DA:171,0
DA:172,0
DA:173,0
DA:174,0
DA:175,0
DA:176,0
DA:177,0
DA:178,0
DA:180,0
DA:181,0
DA:184,0
DA:185,0
DA:189,0
DA:190,0
DA:197,0
FN:197,MultiStageAllowlistCloneable.setNftAddress
FNDA:0,MultiStageAllowlistCloneable.setNftAddress
DA:198,0
BRDA:198,3,0,-
BRDA:198,3,1,-
DA:199,0
BRDA:199,4,0,-
BRDA:199,4,1,-
DA:200,0
DA:209,0
FN:209,MultiStageAllowlistCloneable.setTokenIdEligibility
FNDA:0,MultiStageAllowlistCloneable.setTokenIdEligibility
DA:215,0
DA:216,0
BRDA:216,5,0,-
BRDA:216,5,1,-
DA:217,0
DA:220,0
DA:230,0
FN:230,MultiStageAllowlistCloneable.setTokenIdAllowlist
FNDA:0,MultiStageAllowlistCloneable.setTokenIdAllowlist
DA:236,0
DA:237,0
DA:240,0
DA:249,0
FN:249,MultiStageAllowlistCloneable.setWalletEligibility
FNDA:0,MultiStageAllowlistCloneable.setWalletEligibility
DA:255,0
DA:263,0
FN:263,MultiStageAllowlistCloneable.setEligibilityExtension
FNDA:0,MultiStageAllowlistCloneable.setEligibilityExtension
DA:269,0
DA:276,0
FN:276,MultiStageAllowlistCloneable.setStageState
FNDA:0,MultiStageAllowlistCloneable.setStageState
DA:277,0
DA:283,0
FN:283,MultiStageAllowlistCloneable.closeMinting
FNDA:0,MultiStageAllowlistCloneable.closeMinting
DA:284,0
DA:290,0
FN:290,MultiStageAllowlistCloneable.startNextStage
FNDA:0,MultiStageAllowlistCloneable.startNextStage
DA:291,0
BRDA:291,6,0,-
BRDA:291,6,1,-
DA:292,0
DA:294,0
BRDA:294,7,0,-
BRDA:294,7,1,-
DA:297,0
DA:304,0
FN:304,MultiStageAllowlistCloneable.startStage
FNDA:0,MultiStageAllowlistCloneable.startStage
DA:305,0
BRDA:305,8,0,-
DA:306,0
BRDA:306,9,0,-
BRDA:306,9,1,-
DA:309,0
DA:310,0
DA:319,0
FN:319,MultiStageAllowlistCloneable.isTokenEligibleToMint
FNDA:0,MultiStageAllowlistCloneable.isTokenEligibleToMint
DA:327,0
DA:328,0
DA:329,0
DA:331,0
BRDA:331,10,0,-
DA:332,0
DA:335,0
DA:336,0
DA:338,0
BRDA:338,11,0,-
DA:339,0
DA:343,0
BRDA:343,12,0,-
DA:344,0
DA:348,0
DA:357,0
FN:357,MultiStageAllowlistCloneable.getTokenMintFee
FNDA:0,MultiStageAllowlistCloneable.getTokenMintFee
DA:364,0
DA:373,0
FN:373,MultiStageAllowlistCloneable.verifyEcosystemSettings
FNDA:0,MultiStageAllowlistCloneable.verifyEcosystemSettings
DA:374,0
DA:383,0
FN:383,MultiStageAllowlistCloneable._isTokenIdAllowed
FNDA:0,MultiStageAllowlistCloneable._isTokenIdAllowed
DA:385,0
BRDA:385,13,0,-
DA:387,0
DA:388,0
DA:389,0
DA:390,0
DA:398,0
FN:398,MultiStageAllowlistCloneable._getTokenElementPositions
FNDA:0,MultiStageAllowlistCloneable._getTokenElementPositions
DA:400,0
DA:402,0
DA:404,0
DA:412,0
FN:412,MultiStageAllowlistCloneable._setBit
FNDA:0,MultiStageAllowlistCloneable._setBit
DA:413,0
BRDA:413,14,0,-
BRDA:413,14,1,-
DA:414,0
DA:422,0
FN:422,MultiStageAllowlistCloneable._clearBit
FNDA:0,MultiStageAllowlistCloneable._clearBit
DA:423,0
BRDA:423,15,0,-
BRDA:423,15,1,-
DA:424,0
FNF:19
FNH:0
LF:89
LH:0
BRF:27
BRH:0
end_of_record
TN:
SF:contracts/hashes_collections/OwnableCloneable.sol
DA:27,0
FN:27,OwnableCloneable.ownershipInitialized
FNDA:0,OwnableCloneable.ownershipInitialized
DA:28,0
BRDA:28,0,0,-
BRDA:28,0,1,-
DA:37,0
FN:37,OwnableCloneable.initializeOwnership
FNDA:0,OwnableCloneable.initializeOwnership
DA:38,0
BRDA:38,1,0,-
BRDA:38,1,1,-
DA:39,0
DA:40,0
DA:46,0
FN:46,OwnableCloneable.owner
FNDA:0,OwnableCloneable.owner
DA:47,0
DA:53,0
FN:53,OwnableCloneable.onlyOwner
FNDA:0,OwnableCloneable.onlyOwner
DA:54,0
BRDA:54,2,0,-
BRDA:54,2,1,-
DA:65,0
FN:65,OwnableCloneable.renounceOwnership
FNDA:0,OwnableCloneable.renounceOwnership
DA:66,0
DA:73,0
FN:73,OwnableCloneable.transferOwnership
FNDA:0,OwnableCloneable.transferOwnership
DA:74,0
BRDA:74,3,0,-
BRDA:74,3,1,-
DA:75,0
DA:80,0
FN:80,OwnableCloneable._setOwner
FNDA:0,OwnableCloneable._setOwner
DA:81,0
DA:82,0
DA:83,0
FNF:7
FNH:0
LF:19
LH:0
BRF:8
BRH:0
end_of_record
TN:
SF:contracts/hashes_collections/PaymentSplitterCloneable.sol
DA:38,0
FN:38,PaymentSplitterCloneable.splitterInitialized
FNDA:0,PaymentSplitterCloneable.splitterInitialized
DA:39,0
BRDA:39,0,0,-
BRDA:39,0,1,-
DA:50,0
FN:50,PaymentSplitterCloneable.initializeSplitter
FNDA:0,PaymentSplitterCloneable.initializeSplitter
DA:51,0
BRDA:51,1,0,-
BRDA:51,1,1,-
DA:52,0
BRDA:52,2,0,-
BRDA:52,2,1,-
DA:53,0
BRDA:53,3,0,-
BRDA:53,3,1,-
DA:54,0
DA:56,0
DA:57,0
DA:70,0
FN:70,PaymentSplitterCloneable.receive
FNDA:0,PaymentSplitterCloneable.receive
DA:71,0
DA:77,0
FN:77,PaymentSplitterCloneable.totalShares
FNDA:0,PaymentSplitterCloneable.totalShares
DA:78,0
DA:84,0
FN:84,PaymentSplitterCloneable.totalReleased
FNDA:0,PaymentSplitterCloneable.totalReleased
DA:85,0
DA:91,0
FN:91,PaymentSplitterCloneable.shares
FNDA:0,PaymentSplitterCloneable.shares
DA:92,0
DA:98,0
FN:98,PaymentSplitterCloneable.released
FNDA:0,PaymentSplitterCloneable.released
DA:99,0
DA:105,0
FN:105,PaymentSplitterCloneable.payee
FNDA:0,PaymentSplitterCloneable.payee
DA:106,0
DA:113,0
FN:113,PaymentSplitterCloneable.release
FNDA:0,PaymentSplitterCloneable.release
DA:114,0
BRDA:114,4,0,-
BRDA:114,4,1,-
DA:116,0
DA:117,0
DA:119,0
BRDA:119,5,0,-
BRDA:119,5,1,-
DA:121,0
DA:122,0
DA:124,0
DA:125,0
DA:132,0
FN:132,PaymentSplitterCloneable.releaseAll
FNDA:0,PaymentSplitterCloneable.releaseAll
DA:133,0
DA:134,0
DA:135,0
DA:136,0
DA:137,0
BRDA:137,6,0,-
DA:138,0
DA:140,0
DA:141,0
DA:143,0
DA:144,0
DA:153,0
FN:153,PaymentSplitterCloneable._addPayee
FNDA:0,PaymentSplitterCloneable._addPayee
DA:154,0
BRDA:154,7,0,-
BRDA:154,7,1,-
DA:155,0
BRDA:155,8,0,-
BRDA:155,8,1,-
DA:156,0
BRDA:156,9,0,-
BRDA:156,9,1,-
DA:158,0
DA:159,0
DA:160,0
DA:161,0
FNF:11
FNH:0
LF:49
LH:0
BRF:19
BRH:0
end_of_record
TN:
SF:contracts/hashes_collections/medleys/MedleyLimitedEditionPredicates.sol
DA:30,0
FN:30,MedleyLimitedEditionPredicates.constructor
FNDA:0,MedleyLimitedEditionPredicates.constructor
DA:31,0
DA:32,0
DA:33,0
DA:35,0
DA:38,0
FN:38,MedleyLimitedEditionPredicates.setPreSeasonAllowlist
FNDA:0,MedleyLimitedEditionPredicates.setPreSeasonAllowlist
DA:39,0
BRDA:39,0,0,-
BRDA:39,0,1,-
DA:40,0
DA:41,0
DA:45,0
FN:45,MedleyLimitedEditionPredicates.setNormalSeasonAllowlist
FNDA:0,MedleyLimitedEditionPredicates.setNormalSeasonAllowlist
DA:46,0
BRDA:46,1,0,-
BRDA:46,1,1,-
DA:47,0
DA:48,0
DA:52,0
FN:52,MedleyLimitedEditionPredicates.setCurrentRolloutState
FNDA:0,MedleyLimitedEditionPredicates.setCurrentRolloutState
DA:53,0
DA:56,0
FN:56,MedleyLimitedEditionPredicates.getTokenMintFee
FNDA:0,MedleyLimitedEditionPredicates.getTokenMintFee
DA:57,0
BRDA:57,2,0,-
DA:58,0
DA:60,0
DA:63,0
FN:63,MedleyLimitedEditionPredicates.isTokenEligibleToMint
FNDA:0,MedleyLimitedEditionPredicates.isTokenEligibleToMint
DA:64,0
BRDA:64,3,0,-
DA:65,0
DA:67,0
BRDA:67,4,0,-
DA:68,0
DA:70,0
BRDA:70,5,0,-
DA:71,0
DA:75,0
BRDA:75,6,0,-
DA:76,0
DA:78,0
BRDA:78,7,0,-
DA:79,0
DA:81,0
BRDA:81,8,0,-
DA:82,0
DA:83,0
DA:85,0
FNF:6
FNH:0
LF:34
LH:0
BRF:11
BRH:0
end_of_record
TN:
SF:contracts/hashes_collections/predicates/AllHashesEligibilityPredicate.sol
DA:26,0
FN:26,AllHashesEligibilityPredicate.isTokenEligibleToMint
FNDA:0,AllHashesEligibilityPredicate.isTokenEligibleToMint
DA:27,0
DA:36,0
FN:36,AllHashesEligibilityPredicate.verifyEcosystemSettings
FNDA:0,AllHashesEligibilityPredicate.verifyEcosystemSettings
DA:37,0
FNF:2
FNH:0
LF:4
LH:0
BRF:0
BRH:0
end_of_record
TN:
SF:contracts/hashes_collections/predicates/DAOHashesEligibilityPredicate.sol
DA:20,0
FN:20,DAOHashesEligibilityPredicate.constructor
FNDA:0,DAOHashesEligibilityPredicate.constructor
DA:21,0
DA:34,0
FN:34,DAOHashesEligibilityPredicate.isTokenEligibleToMint
FNDA:0,DAOHashesEligibilityPredicate.isTokenEligibleToMint
DA:35,0
DA:44,0
FN:44,DAOHashesEligibilityPredicate.verifyEcosystemSettings
FNDA:0,DAOHashesEligibilityPredicate.verifyEcosystemSettings
DA:45,0
FNF:3
FNH:0
LF:6
LH:0
BRF:0
BRH:0
end_of_record
TN:
SF:contracts/hashes_collections/predicates/StaticMintFeePredicateCloneable.sol
DA:21,0
FN:21,StaticMintFeePredicateCloneable.initialize
FNDA:0,StaticMintFeePredicateCloneable.initialize
DA:22,0
BRDA:22,0,0,-
BRDA:22,0,1,-
DA:24,0
DA:26,0
DA:37,0
FN:37,StaticMintFeePredicateCloneable.getTokenMintFee
FNDA:0,StaticMintFeePredicateCloneable.getTokenMintFee
DA:38,0
BRDA:38,1,0,-
BRDA:38,1,1,-
DA:40,0
DA:49,0
FN:49,StaticMintFeePredicateCloneable.verifyEcosystemSettings
FNDA:0,StaticMintFeePredicateCloneable.verifyEcosystemSettings
DA:50,0
FNF:3
FNH:0
LF:9
LH:0
BRF:4
BRH:0
end_of_record
TN:
SF:contracts/lib/LibBytes.sol
DA:30,0
FN:30,LibBytes.rawAddress
FNDA:0,LibBytes.rawAddress
DA:32,0
DA:34,0
DA:40,0
FN:40,LibBytes.contentAddress
FNDA:0,LibBytes.contentAddress
DA:42,0
DA:44,0
DA:51,0
FN:51,LibBytes.memCopy
FNDA:0,LibBytes.memCopy
DA:52,0
BRDA:52,0,0,-
BRDA:52,0,1,-
DA:57,0
DA:58,0
DA:59,0
DA:60,0
DA:64,0
BRDA:64,1,0,-
DA:65,0
DA:83,0
BRDA:83,2,0,-
BRDA:83,2,1,-
DA:89,0
DA:90,0
DA:91,0
DA:97,0
DA:103,0
DA:104,0
DA:105,0
DA:106,0
DA:110,0
DA:116,0
DA:117,0
DA:118,0
DA:124,0
DA:134,0
DA:135,0
DA:136,0
DA:137,0
DA:141,0
DA:152,0
FN:152,LibBytes.slice
FNDA:0,LibBytes.slice
DA:153,0
BRDA:153,3,0,-
BRDA:153,3,1,-
DA:154,0
BRDA:154,4,0,-
BRDA:154,4,1,-
DA:157,0
DA:158,0
DA:159,0
DA:168,0
FN:168,LibBytes.sliceDestructive
FNDA:0,LibBytes.sliceDestructive
DA:169,0
BRDA:169,5,0,-
BRDA:169,5,1,-
DA:170,0
BRDA:170,6,0,-
BRDA:170,6,1,-
DA:174,0
DA:175,0
DA:177,0
DA:183,0
FN:183,LibBytes.popLastByte
FNDA:0,LibBytes.popLastByte
DA:184,0
BRDA:184,7,0,-
BRDA:184,7,1,-
DA:187,0
DA:191,0
DA:192,0
DA:194,0
DA:200,0
FN:200,LibBytes.popLast20Bytes
FNDA:0,LibBytes.popLast20Bytes
DA:201,0
BRDA:201,8,0,-
BRDA:201,8,1,-
DA:204,0
DA:208,0
DA:209,0
DA:211,0
DA:218,0
FN:218,LibBytes.equals
FNDA:0,LibBytes.equals
DA:222,0
DA:229,0
FN:229,LibBytes.readAddress
FNDA:0,LibBytes.readAddress
DA:230,0
BRDA:230,9,0,-
BRDA:230,9,1,-
DA:238,0
DA:245,0
DA:247,0
DA:254,0
FN:254,LibBytes.writeAddress
FNDA:0,LibBytes.writeAddress
DA:255,0
BRDA:255,10,0,-
BRDA:255,10,1,-
DA:263,0
DA:275,0
DA:280,0
DA:283,0
DA:291,0
FN:291,LibBytes.readBytes32
FNDA:0,LibBytes.readBytes32
DA:292,0
BRDA:292,11,0,-
BRDA:292,11,1,-
DA:295,0
DA:299,0
DA:301,0
DA:308,0
FN:308,LibBytes.writeBytes32
FNDA:0,LibBytes.writeBytes32
DA:309,0
BRDA:309,12,0,-
BRDA:309,12,1,-
DA:312,0
DA:316,0
DA:324,0
FN:324,LibBytes.readUint256
FNDA:0,LibBytes.readUint256
DA:325,0
DA:326,0
DA:333,0
FN:333,LibBytes.writeUint256
FNDA:0,LibBytes.writeUint256
DA:334,0
DA:341,0
FN:341,LibBytes.readBytes4
FNDA:0,LibBytes.readBytes4
DA:342,0
BRDA:342,13,0,-
BRDA:342,13,1,-
DA:345,0
DA:349,0
DA:352,0
DA:354,0
DA:361,0
FN:361,LibBytes.readBytes2
FNDA:0,LibBytes.readBytes2
DA:362,0
BRDA:362,14,0,-
BRDA:362,14,1,-
DA:365,0
DA:369,0
DA:372,0
DA:374,0
DA:383,0
FN:383,LibBytes.readBytesWithLength
FNDA:0,LibBytes.readBytesWithLength
DA:385,0
DA:386,0
DA:390,0
BRDA:390,15,0,-
BRDA:390,15,1,-
DA:394,0
DA:396,0
DA:403,0
FN:403,LibBytes.writeBytesWithLength
FNDA:0,LibBytes.writeBytesWithLength
DA:406,0
BRDA:406,16,0,-
BRDA:406,16,1,-
DA:412,0
DA:422,0
FN:422,LibBytes.deepCopyBytes
FNDA:0,LibBytes.deepCopyBytes
DA:423,0
DA:425,0
BRDA:425,17,0,-
BRDA:425,17,1,-
DA:426,0
FNF:19
FNH:0
LF:109
LH:0
BRF:35
BRH:0
end_of_record
TN:
SF:contracts/lib/LibClone.sol
DA:28,0
FN:28,LibClone.createClone
FNDA:0,LibClone.createClone
DA:29,0
DA:31,0
DA:32,0
DA:33,0
DA:34,0
DA:35,0
DA:39,0
FN:39,LibClone.isClone
FNDA:0,LibClone.isClone
DA:40,0
DA:42,0
DA:43,0
DA:44,0
DA:45,0
DA:47,0
DA:48,0
DA:49,0
FNF:2
FNH:0
LF:16
LH:0
BRF:0
BRH:0
end_of_record
TN:
SF:contracts/lib/LibDeactivateAuthority.sol
DA:24,0
FN:24,LibDeactivateAuthority.getDeactivateAuthorityHash
FNDA:0,LibDeactivateAuthority.getDeactivateAuthorityHash
DA:29,0
DA:30,0
DA:36,0
FN:36,LibDeactivateAuthority.hashDeactivateAuthority
FNDA:0,LibDeactivateAuthority.hashDeactivateAuthority
DA:38,0
DA:42,0
BRDA:42,0,0,-
DA:43,0
DA:47,0
DA:50,0
DA:53,0
DA:54,0
DA:57,0
DA:59,0
FNF:2
FNH:0
LF:13
LH:0
BRF:1
BRH:0
end_of_record
TN:
SF:contracts/lib/LibDeactivateToken.sol
DA:24,0
FN:24,LibDeactivateToken.getDeactivateTokenHash
FNDA:0,LibDeactivateToken.getDeactivateTokenHash
DA:29,0
DA:30,0
DA:36,0
FN:36,LibDeactivateToken.hashDeactivateToken
FNDA:0,LibDeactivateToken.hashDeactivateToken
DA:38,0
DA:42,0
BRDA:42,0,0,-
DA:43,0
DA:47,0
DA:50,0
DA:53,0
DA:54,0
DA:57,0
DA:59,0
FNF:2
FNH:0
LF:13
LH:0
BRF:1
BRH:0
end_of_record
TN:
SF:contracts/lib/LibEIP712.sol
DA:40,0
FN:40,LibEIP712.hashEIP712Domain
FNDA:0,LibEIP712.hashEIP712Domain
DA:45,0
DA:58,0
DA:59,0
DA:62,0
DA:65,0
DA:66,0
DA:67,0
DA:68,0
DA:69,0
DA:72,0
DA:74,0
DA:82,0
FN:82,LibEIP712.hashEIP712Message
FNDA:0,LibEIP712.hashEIP712Message
DA:92,0
DA:94,0
DA:95,0
DA:96,0
DA:99,0
DA:101,0
FNF:2
FNH:0
LF:19
LH:0
BRF:0
BRH:0
end_of_record
TN:
SF:contracts/lib/LibSignature.sol
DA:28,0
FN:28,LibSignature.getSignerOfHash
FNDA:0,LibSignature.getSignerOfHash
DA:29,0
BRDA:29,0,0,-
BRDA:29,0,1,-
DA:32,0
DA:33,0
DA:34,0
DA:36,0
DA:37,0
DA:41,0
DA:44,0
DA:47,0
BRDA:47,1,0,-
BRDA:47,1,1,-
DA:48,0
DA:75,0
FN:75,LibSignature.validateSignatureMalleabilityLimits
FNDA:0,LibSignature.validateSignatureMalleabilityLimits
DA:78,0
BRDA:78,2,0,-
BRDA:78,2,1,-
DA:79,0
BRDA:79,3,0,-
BRDA:79,3,1,-
DA:80,0
BRDA:80,4,0,-
BRDA:80,4,1,-
FNF:2
FNH:0
LF:15
LH:0
BRF:10
BRH:0
end_of_record
TN:
SF:contracts/lib/LibVeto.sol
DA:25,0
FN:25,LibVeto.getVetoHash
FNDA:0,LibVeto.getVetoHash
DA:26,0
DA:27,0
DA:33,0
FN:33,LibVeto.hashVeto
FNDA:0,LibVeto.hashVeto
DA:35,0
DA:39,0
BRDA:39,0,0,-
DA:40,0
DA:44,0
DA:47,0
DA:50,0
DA:51,0
DA:54,0
DA:56,0
FNF:2
FNH:0
LF:13
LH:0
BRF:1
BRH:0
end_of_record
TN:
SF:contracts/lib/LibVoteCast.sol
DA:29,0
FN:29,LibVoteCast.getVoteCastHash
FNDA:0,LibVoteCast.getVoteCastHash
DA:34,0
DA:35,0
DA:41,0
FN:41,LibVoteCast.hashVoteCast
FNDA:0,LibVoteCast.hashVoteCast
DA:43,0
DA:47,0
BRDA:47,0,0,-
DA:48,0
DA:52,0
DA:55,0
DA:58,0
DA:59,0
DA:62,0
DA:64,0
FNF:2
FNH:0
LF:13
LH:0
BRF:1
BRH:0
end_of_record
TN:
SF:contracts/lib/MathHelpers.sol
DA:22,0
FN:22,MathHelpers.proportion256
FNDA:0,MathHelpers.proportion256
DA:23,0
DA:29,0
FN:29,MathHelpers.min
FNDA:0,MathHelpers.min
DA:30,0
FNF:2
FNH:0
LF:4
LH:0
BRF:0
BRH:0
end_of_record
TN:
SF:contracts/redemption/Redemption.sol
DA:47,13
FN:47,Redemption.constructor
FNDA:13,Redemption.constructor
DA:48,13
DA:49,13
DA:50,13
DA:51,13
DA:52,871
DA:54,13
DA:58,2
FN:58,Redemption.receive
FNDA:2,Redemption.receive
DA:59,2
DA:63,8
FN:63,Redemption.deposit
FNDA:8,Redemption.deposit
DA:64,8
DA:70,10
FN:70,Redemption._deposit
FNDA:10,Redemption._deposit
DA:71,10
BRDA:71,0,0,2
DA:72,8
DA:76,11
FN:76,Redemption.redeem
FNDA:11,Redemption.redeem
DA:77,11
BRDA:77,1,0,1
BRDA:77,1,1,2
DA:78,1
DA:79,10
BRDA:79,2,0,7
BRDA:79,2,1,2
DA:80,7
DA:81,7
DA:82,7
DA:83,7
DA:84,304
DA:85,304
BRDA:85,3,0,202
DA:86,202
DA:87,202
DA:90,7
DA:91,7
DA:92,7
DA:93,7
BRDA:93,4,0,1
DA:94,6
DA:95,3
BRDA:95,5,0,3
DA:96,3
DA:97,3
DA:98,3
DA:99,3
BRDA:99,6,0,1
DA:100,2
DA:105,10
FN:105,Redemption.setRedemptionStage
FNDA:10,Redemption.setRedemptionStage
DA:106,10
BRDA:106,7,0,1
DA:107,9
DA:108,9
DA:109,9
DA:110,9
DA:114,6
FN:114,Redemption.setPostRedemptionStage
FNDA:6,Redemption.setPostRedemptionStage
DA:115,6
BRDA:115,8,0,1
DA:116,5
BRDA:116,9,0,1
DA:117,4
DA:118,4
DA:119,4
DA:123,0
FN:123,Redemption.recoverERC20
FNDA:0,Redemption.recoverERC20
DA:124,0
DA:128,0
FN:128,Redemption.isHashEligibleForRedemption
FNDA:0,Redemption.isHashEligibleForRedemption
DA:129,304
BRDA:129,10,0,3
DA:130,301
BRDA:130,11,0,-
DA:131,99
BRDA:131,12,0,99
DA:132,202
FNF:9
FNH:7
LF:56
LH:53
BRF:15
BRH:14
end_of_record
TN:
SF:script/DeployRedemption.s.sol
DA:12,13
FN:12,DeployRedemption.setUp
FNDA:13,DeployRedemption.setUp
DA:13,13
DA:14,13
DA:15,13
DA:16,13
DA:17,13
DA:18,13
DA:19,13
DA:20,13
DA:21,13
DA:22,13
DA:23,13
DA:24,13
DA:25,13
DA:26,13
DA:27,13
DA:28,13
DA:29,13
DA:30,13
DA:31,13
DA:32,13
DA:33,13
DA:34,13
DA:35,13
DA:36,13
DA:37,13
DA:38,13
DA:39,13
DA:40,13
DA:41,13
DA:42,13
DA:43,13
DA:44,13
DA:45,13
DA:46,13
DA:47,13
DA:48,13
DA:49,13
DA:50,13
DA:51,13
DA:52,13
DA:53,13
DA:54,13
DA:55,13
DA:56,13
DA:57,13
DA:58,13
DA:59,13
DA:60,13
DA:61,13
DA:62,13
DA:63,13
DA:64,13
DA:65,13
DA:66,13
DA:67,13
DA:68,13
DA:69,13
DA:70,13
DA:71,13
DA:72,13
DA:73,13
DA:74,13
DA:75,13
DA:76,13
DA:77,13
DA:78,13
DA:79,13
DA:80,13
DA:81,13
DA:84,0
FN:84,DeployRedemption.run
FNDA:0,DeployRedemption.run
DA:85,13
DA:86,13
DA:87,13
FNF:2
FNH:1
LF:74
LH:73
BRF:0
BRH:0
end_of_record
TN:
SF:test/redemption/RedemptionFork.t.sol
DA:289,2
FN:289,Reverter.receive
FNDA:2,Reverter.receive
DA:290,2
FNF:1
FNH:1
LF:2
LH:2
BRF:0
BRH:0
end_of_record
TN:
SF:test/redemption/RedemptionFuzz.t.sol
DA:21,0
FN:21,RedemptionFuzzTest.prank
FNDA:0,RedemptionFuzzTest.prank
DA:22,0
DA:24,0
DA:27,0
FN:27,RedemptionFuzzTest.setUp
FNDA:0,RedemptionFuzzTest.setUp
DA:28,0
DA:30,0
DA:32,0
DA:36,0
DA:37,0
DA:38,0
DA:40,0
DA:41,0
FNF:2
FNH:0
LF:12
LH:0
BRF:0
BRH:0
end_of_record
