TN:
SF:contracts/Hashes.sol
FN:188,Hashes.lock
FNDA:0,Hashes.lock
DA:189,0
DA:189,0
BRDA:189,0,0,-
BRDA:189,0,1,-
DA:190,0
DA:190,0
FN:197,Hashes.transferOwnership
FNDA:0,Hashes.transferOwnership
DA:198,0
DA:198,0
BRDA:198,1,0,-
BRDA:198,1,1,-
DA:199,0
DA:199,0
FN:206,Hashes.setBaseTokenURI
FNDA:0,Hashes.setBaseTokenURI
DA:207,0
DA:207,0
DA:208,0
DA:208,0
FN:215,Hashes.setMintFee
FNDA:0,Hashes.setMintFee
DA:216,0
DA:216,0
DA:217,0
DA:217,0
FN:224,Hashes.activateTokens
FNDA:0,Hashes.activateTokens
DA:226,0
DA:226,0
DA:226,0
DA:226,0
DA:226,0
DA:227,0
DA:227,0
DA:227,0
DA:228,0
DA:228,0
DA:228,0
DA:228,0
DA:228,0
BRDA:228,2,0,-
BRDA:228,2,1,-
DA:229,0
DA:229,0
DA:230,0
DA:230,0
DA:233,0
DA:233,0
DA:238,0
DA:238,0
DA:243,0
DA:243,0
DA:244,0
DA:244,0
DA:244,0
DA:245,0
DA:245,0
BRDA:245,3,0,-
BRDA:245,3,1,-
DA:246,0
DA:246,0
DA:247,0
DA:247,0
BRDA:247,4,0,-
BRDA:247,4,1,-
DA:248,0
DA:248,0
BRDA:248,5,0,-
BRDA:248,5,1,-
DA:249,0
DA:249,0
DA:250,0
DA:250,0
BRDA:250,6,0,-
BRDA:250,6,1,-
DA:253,0
DA:253,0
FN:266,Hashes.deactivateTokens
FNDA:0,Hashes.deactivateTokens
DA:272,0
DA:272,0
BRDA:272,7,0,-
BRDA:272,7,1,-
DA:273,0
DA:273,0
DA:274,0
DA:274,0
DA:274,0
DA:275,0
DA:275,0
DA:275,0
DA:279,0
DA:279,0
BRDA:279,8,0,-
BRDA:279,8,1,-
DA:285,0
DA:285,0
DA:285,0
DA:285,0
DA:285,0
DA:286,0
DA:286,0
DA:286,0
DA:287,0
DA:287,0
DA:287,0
DA:287,0
DA:287,0
DA:287,0
BRDA:287,9,0,-
BRDA:287,9,1,-
DA:288,0
DA:288,0
DA:289,0
DA:289,0
DA:292,0
DA:292,0
DA:297,0
DA:297,0
DA:299,0
DA:299,0
FN:309,Hashes.generate
FNDA:0,Hashes.generate
DA:311,0
DA:311,0
BRDA:311,10,0,-
BRDA:311,10,1,-
DA:314,0
DA:314,0
BRDA:314,11,0,-
BRDA:314,11,1,-
DA:317,0
DA:317,0
DA:320,0
DA:320,0
DA:322,0
DA:322,0
DA:323,0
DA:323,0
BRDA:323,12,0,-
BRDA:323,12,1,-
DA:327,0
DA:327,0
DA:327,0
DA:328,0
DA:328,0
BRDA:328,13,0,-
BRDA:328,13,1,-
DA:331,0
DA:331,0
DA:334,0
DA:334,0
BRDA:334,14,0,-
BRDA:334,14,1,-
DA:340,0
DA:340,0
DA:340,0
DA:341,0
DA:341,0
BRDA:341,15,0,-
BRDA:341,15,1,-
DA:344,0
DA:344,0
BRDA:344,16,0,-
BRDA:344,16,1,-
DA:348,0
DA:348,0
DA:351,0
DA:351,0
FN:363,Hashes.redeem
FNDA:0,Hashes.redeem
DA:365,0
DA:365,0
BRDA:365,17,0,-
BRDA:365,17,1,-
DA:368,0
DA:368,0
BRDA:368,18,0,-
BRDA:368,18,1,-
DA:371,0
DA:371,0
BRDA:371,19,0,-
BRDA:371,19,1,-
DA:374,0
DA:374,0
DA:377,0
DA:377,0
DA:379,0
DA:379,0
FN:390,Hashes.verify
FNDA:0,Hashes.verify
DA:392,0
DA:392,0
DA:392,0
DA:392,0
DA:392,0
DA:392,0
DA:392,0
BRDA:392,20,0,-
BRDA:392,20,1,-
DA:393,0
DA:393,0
DA:397,0
DA:397,0
DA:397,0
DA:397,0
FN:405,Hashes.tokenURI
FNDA:0,Hashes.tokenURI
DA:407,0
DA:407,0
BRDA:407,21,0,-
BRDA:407,21,1,-
DA:410,0
DA:410,0
DA:410,0
FN:418,Hashes.getHash
FNDA:0,Hashes.getHash
DA:419,0
DA:419,0
FN:427,Hashes.getCurrentVotes
FNDA:0,Hashes.getCurrentVotes
DA:428,0
DA:428,0
DA:429,0
DA:429,0
DA:429,0
FN:439,Hashes.getPriorVotes
FNDA:0,Hashes.getPriorVotes
DA:440,0
DA:440,0
BRDA:440,22,0,-
BRDA:440,22,1,-
DA:442,0
DA:442,0
DA:443,0
DA:443,0
BRDA:443,23,0,-
BRDA:443,23,1,-
DA:444,0
DA:444,0
DA:448,0
DA:448,0
BRDA:448,24,0,-
BRDA:448,24,1,-
DA:449,0
DA:449,0
DA:453,0
DA:453,0
BRDA:453,25,0,-
BRDA:453,25,1,-
DA:454,0
DA:454,0
DA:459,0
DA:459,0
DA:460,0
DA:460,0
DA:460,0
DA:461,0
DA:461,0
DA:463,0
DA:463,0
DA:463,0
DA:463,0
DA:464,0
DA:464,0
DA:465,0
DA:465,0
BRDA:465,26,0,-
BRDA:465,26,1,-
DA:466,0
DA:466,0
DA:467,0
DA:467,0
BRDA:467,27,0,-
BRDA:467,27,1,-
DA:468,0
DA:468,0
DA:470,0
DA:470,0
DA:473,0
DA:473,0
FN:491,Hashes._beforeTokenTransfer
FNDA:0,Hashes._beforeTokenTransfer
DA:497,0
DA:497,0
DA:499,0
DA:499,0
DA:499,0
DA:499,0
BRDA:499,28,0,-
BRDA:499,28,1,-
DA:502,0
DA:502,0
FN:506,Hashes._moveDelegates
FNDA:0,Hashes._moveDelegates
DA:507,0
DA:507,0
DA:507,0
DA:507,0
BRDA:507,29,0,-
BRDA:507,29,1,-
DA:510,0
DA:510,0
DA:510,0
BRDA:510,30,0,-
BRDA:510,30,1,-
DA:513,0
DA:513,0
DA:517,0
DA:517,0
DA:517,0
DA:518,0
DA:518,0
DA:518,0
DA:519,0
DA:519,0
DA:522,0
DA:522,0
DA:522,0
BRDA:522,31,0,-
BRDA:522,31,1,-
DA:524,0
DA:524,0
DA:528,0
DA:528,0
DA:528,0
DA:529,0
DA:529,0
DA:529,0
DA:530,0
DA:530,0
FN:535,Hashes._writeCheckpoint
FNDA:0,Hashes._writeCheckpoint
DA:536,0
DA:536,0
DA:536,0
DA:537,0
DA:537,0
DA:538,0
DA:538,0
DA:538,0
DA:538,0
BRDA:538,32,0,-
BRDA:538,32,1,-
DA:540,0
DA:540,0
DA:543,0
DA:543,0
DA:544,0
DA:544,0
DA:547,0
DA:547,0
FN:550,Hashes.getChainId
FNDA:0,Hashes.getChainId
DA:551,0
DA:551,0
DA:553,0
DA:553,0
DA:555,0
DA:555,0
FN:558,Hashes._toDecimalString
FNDA:0,Hashes._toDecimalString
DA:562,0
DA:562,0
BRDA:562,33,0,-
BRDA:562,33,1,-
DA:563,0
DA:563,0
DA:565,0
DA:565,0
DA:566,0
DA:566,0
DA:567,0
DA:567,0
DA:568,0
DA:568,0
DA:569,0
DA:569,0
DA:571,0
DA:571,0
DA:571,0
DA:572,0
DA:572,0
DA:573,0
DA:573,0
DA:574,0
DA:574,0
DA:575,0
DA:575,0
DA:577,0
DA:577,0
DA:577,0
FN:580,Hashes._toHexString
FNDA:0,Hashes._toHexString
DA:581,0
DA:581,0
DA:581,0
DA:582,0
DA:582,0
DA:583,0
DA:583,0
DA:584,0
DA:584,0
DA:584,0
DA:584,0
DA:585,0
DA:585,0
DA:586,0
DA:586,0
DA:588,0
DA:588,0
DA:588,0
FN:591,Hashes.safe32
FNDA:0,Hashes.safe32
DA:592,0
DA:592,0
BRDA:592,34,0,-
BRDA:592,34,1,-
DA:593,0
DA:593,0
DA:593,0
FN:22,Base64.encode
FNDA:0,Base64.encode
DA:23,0
DA:23,0
DA:24,0
DA:24,0
BRDA:24,0,0,-
BRDA:24,0,1,-
DA:24,0
DA:27,0
DA:27,0
DA:27,0
DA:30,0
DA:30,0
DA:30,0
DA:32,0
DA:32,0
DA:71,0
DA:71,0
DA:71,0
FNF:21
FNH:0
LF:137
LH:0
BRF:72
BRH:0
end_of_record
TN:
SF:contracts/HashesDAO.sol
FN:243,HashesDAO.propose
FNDA:0,HashesDAO.propose
DA:251,0
DA:251,0
BRDA:251,0,0,-
BRDA:251,0,1,-
DA:255,0
DA:255,0
BRDA:255,1,0,-
BRDA:255,1,1,-
DA:261,0
DA:261,0
BRDA:261,2,0,-
BRDA:261,2,1,-
DA:262,0
DA:262,0
BRDA:262,3,0,-
BRDA:262,3,1,-
DA:264,0
DA:264,0
BRDA:264,4,0,-
BRDA:264,4,1,-
DA:266,0
DA:266,0
DA:266,0
DA:267,0
DA:267,0
BRDA:267,5,0,-
BRDA:267,5,1,-
DA:271,0
DA:271,0
BRDA:271,6,0,-
BRDA:271,6,1,-
DA:278,0
DA:278,0
DA:278,0
DA:281,0
DA:281,0
DA:283,0
DA:283,0
DA:284,0
DA:284,0
DA:285,0
DA:285,0
DA:286,0
DA:286,0
DA:287,0
DA:287,0
DA:288,0
DA:288,0
DA:289,0
DA:289,0
DA:290,0
DA:290,0
DA:291,0
DA:291,0
DA:292,0
DA:292,0
DA:295,0
DA:295,0
DA:297,0
DA:297,0
DA:308,0
DA:308,0
FN:318,HashesDAO.queue
FNDA:0,HashesDAO.queue
DA:322,0
DA:322,0
BRDA:322,7,0,-
BRDA:322,7,1,-
DA:326,0
DA:326,0
DA:330,0
DA:330,0
DA:330,0
DA:331,0
DA:331,0
DA:331,0
DA:331,0
DA:333,0
DA:333,0
DA:333,0
DA:336,0
DA:336,0
BRDA:336,8,0,-
BRDA:336,8,1,-
DA:337,0
DA:337,0
DA:338,0
DA:338,0
DA:348,0
DA:348,0
DA:349,0
DA:349,0
FN:360,HashesDAO.execute
FNDA:0,HashesDAO.execute
DA:362,0
DA:362,0
BRDA:362,9,0,-
BRDA:362,9,1,-
DA:366,0
DA:366,0
DA:368,0
DA:368,0
BRDA:368,10,0,-
BRDA:368,10,1,-
DA:371,0
DA:371,0
BRDA:371,11,0,-
BRDA:371,11,1,-
DA:373,0
DA:373,0
DA:376,0
DA:376,0
DA:376,0
DA:376,0
DA:377,0
DA:377,0
DA:377,0
DA:386,0
DA:386,0
BRDA:386,12,0,-
BRDA:386,12,1,-
DA:388,0
DA:388,0
DA:391,0
DA:391,0
DA:392,0
DA:392,0
BRDA:392,13,0,-
BRDA:392,13,1,-
DA:393,0
DA:393,0
DA:395,0
DA:395,0
DA:395,0
DA:397,0
DA:397,0
BRDA:397,14,0,-
BRDA:397,14,1,-
DA:399,0
DA:399,0
DA:408,0
DA:408,0
FN:418,HashesDAO.cancel
FNDA:0,HashesDAO.cancel
DA:419,0
DA:419,0
DA:419,0
DA:422,0
DA:422,0
BRDA:422,15,0,-
BRDA:422,15,1,-
DA:424,0
DA:424,0
DA:429,0
DA:429,0
BRDA:429,16,0,-
BRDA:429,16,1,-
DA:434,0
DA:434,0
DA:437,0
DA:437,0
DA:437,0
DA:437,0
DA:438,0
DA:438,0
DA:438,0
DA:447,0
DA:447,0
DA:448,0
DA:448,0
DA:458,0
DA:458,0
FN:469,HashesDAO.castVote
FNDA:0,HashesDAO.castVote
DA:475,0
DA:475,0
DA:475,0
FN:488,HashesDAO.castVoteBySig
FNDA:0,HashesDAO.castVoteBySig
DA:496,0
DA:496,0
DA:496,0
DA:497,0
DA:497,0
DA:497,0
DA:503,0
DA:503,0
DA:503,0
DA:506,0
DA:506,0
DA:506,0
FN:514,HashesDAO.veto
FNDA:0,HashesDAO.veto
DA:515,0
DA:515,0
DA:515,0
DA:518,0
DA:518,0
BRDA:518,17,0,-
BRDA:518,17,1,-
DA:520,0
DA:520,0
DA:524,0
DA:524,0
DA:524,0
DA:525,0
DA:525,0
DA:525,0
DA:526,0
DA:526,0
DA:529,0
DA:529,0
DA:532,0
DA:532,0
DA:532,0
DA:532,0
DA:533,0
DA:533,0
DA:533,0
DA:542,0
DA:542,0
DA:543,0
DA:543,0
DA:553,0
DA:553,0
FN:564,HashesDAO.deactivateAuthorities
FNDA:0,HashesDAO.deactivateAuthorities
DA:570,0
DA:570,0
DA:570,0
DA:571,0
DA:571,0
DA:571,0
DA:575,0
DA:575,0
DA:578,0
DA:578,0
DA:579,0
DA:579,0
DA:580,0
DA:580,0
DA:580,0
DA:580,0
DA:581,0
DA:581,0
DA:584,0
DA:584,0
FN:596,HashesDAO.getActions
FNDA:0,HashesDAO.getActions
DA:608,0
DA:608,0
DA:609,0
DA:609,0
FN:618,HashesDAO.getAuthorityStatus
FNDA:0,HashesDAO.getAuthorityStatus
DA:619,0
DA:619,0
FN:629,HashesDAO.getReceipt
FNDA:0,HashesDAO.getReceipt
DA:630,0
DA:630,0
FN:638,HashesDAO.getProposal
FNDA:0,HashesDAO.getProposal
DA:641,0
DA:641,0
DA:642,0
DA:642,0
FN:662,HashesDAO.getIsQueuedTransaction
FNDA:0,HashesDAO.getIsQueuedTransaction
DA:663,0
DA:663,0
FN:670,HashesDAO.getProposalCount
FNDA:0,HashesDAO.getProposalCount
DA:671,0
DA:671,0
FN:679,HashesDAO.getLatestProposalId
FNDA:0,HashesDAO.getLatestProposalId
DA:680,0
DA:680,0
FN:689,HashesDAO.state
FNDA:0,HashesDAO.state
DA:690,0
DA:690,0
BRDA:690,18,0,-
BRDA:690,18,1,-
DA:691,0
DA:691,0
DA:696,0
BRDA:696,19,0,-
BRDA:696,19,1,-
DA:697,0
DA:697,0
DA:698,0
DA:698,0
BRDA:698,20,0,-
BRDA:698,20,1,-
DA:699,0
DA:699,0
DA:700,0
DA:700,0
BRDA:700,21,0,-
BRDA:700,21,1,-
DA:701,0
DA:701,0
DA:702,0
DA:702,0
DA:702,0
DA:702,0
BRDA:702,22,0,-
BRDA:702,22,1,-
DA:703,0
DA:703,0
DA:704,0
DA:704,0
BRDA:704,23,0,-
BRDA:704,23,1,-
DA:705,0
DA:705,0
DA:706,0
BRDA:706,24,0,-
BRDA:706,24,1,-
DA:707,0
DA:707,0
DA:708,0
DA:708,0
DA:708,0
BRDA:708,25,0,-
BRDA:708,25,1,-
DA:709,0
DA:709,0
DA:711,0
DA:711,0
FN:715,HashesDAO._castVote
FNDA:0,HashesDAO._castVote
DA:723,0
DA:723,0
BRDA:723,26,0,-
BRDA:723,26,1,-
DA:725,0
DA:725,0
BRDA:725,27,0,-
BRDA:725,27,1,-
DA:726,0
DA:726,0
DA:727,0
DA:727,0
DA:730,0
DA:730,0
BRDA:730,28,0,-
BRDA:730,28,1,-
DA:735,0
DA:735,0
DA:735,0
DA:738,0
DA:738,0
BRDA:738,29,0,-
BRDA:738,29,1,-
DA:739,0
BRDA:739,30,0,-
BRDA:739,30,1,-
DA:741,0
DA:741,0
DA:744,0
DA:744,0
DA:748,0
DA:748,0
DA:749,0
DA:749,0
DA:750,0
DA:750,0
DA:753,0
BRDA:753,31,0,-
BRDA:753,31,1,-
DA:754,0
DA:754,0
DA:754,0
DA:755,0
DA:755,0
BRDA:755,32,0,-
BRDA:755,32,1,-
DA:757,0
DA:757,0
DA:757,0
DA:758,0
DA:758,0
BRDA:758,33,0,-
BRDA:758,33,1,-
DA:762,0
DA:762,0
FN:771,HashesDAO._verifyAuthorityAction
FNDA:0,HashesDAO._verifyAuthorityAction
DA:772,0
DA:772,0
DA:773,0
DA:773,0
DA:773,0
DA:773,0
DA:774,0
DA:774,0
DA:774,0
DA:775,0
DA:775,0
BRDA:775,34,0,-
BRDA:775,34,1,-
DA:776,0
DA:776,0
BRDA:776,35,0,-
BRDA:776,35,1,-
DA:777,0
DA:777,0
DA:779,0
DA:779,0
BRDA:779,36,0,-
BRDA:779,36,1,-
FN:782,HashesDAO.getChainId
FNDA:0,HashesDAO.getChainId
DA:783,0
DA:783,0
DA:785,0
DA:785,0
DA:787,0
DA:787,0
FNF:19
FNH:0
LF:139
LH:0
BRF:74
BRH:0
end_of_record
TN:
SF:contracts/Redemption.sol
FN:81,Redemption.redeem
FNDA:4864,Redemption.redeem
DA:82,4864
DA:82,4864
BRDA:82,0,0,512
BRDA:82,0,1,4352
DA:83,4352
DA:83,4352
DA:84,4352
DA:84,4352
BRDA:84,1,0,256
BRDA:84,1,1,4096
DA:86,4096
DA:86,4096
DA:87,4096
DA:87,4096
DA:87,11776
DA:87,7680
DA:88,9216
DA:88,9216
DA:89,9216
DA:89,9216
BRDA:89,2,0,1024
BRDA:89,2,1,8192
DA:94,8192
DA:94,8192
DA:97,2560
DA:97,2560
DA:98,2560
DA:98,2560
DA:99,2560
DA:99,2560
FN:106,Redemption.postRedeem
FNDA:1792,Redemption.postRedeem
DA:107,1792
DA:107,1792
BRDA:107,3,0,512
BRDA:107,3,1,1280
DA:108,1280
DA:108,1280
DA:109,1280
DA:109,1280
BRDA:109,4,0,256
BRDA:109,4,1,1024
DA:110,1024
DA:110,1024
BRDA:110,5,0,256
BRDA:110,5,1,768
DA:112,768
DA:112,768
DA:113,768
DA:113,768
FN:120,Redemption.setRedemptionStage
FNDA:2561,Redemption.setRedemptionStage
DA:121,2560
DA:121,2560
BRDA:121,6,0,512
BRDA:121,6,1,2048
DA:122,2048
DA:122,2048
BRDA:122,7,0,256
BRDA:122,7,1,1792
DA:127,1792
DA:127,1792
DA:128,1536
DA:128,1536
DA:129,1536
DA:129,1536
DA:130,1536
DA:130,1536
FN:134,Redemption.setPostRedemptionStage
FNDA:2561,Redemption.setPostRedemptionStage
DA:135,2560
DA:135,2560
BRDA:135,8,0,512
BRDA:135,8,1,2048
DA:136,2048
DA:136,2048
BRDA:136,9,0,256
BRDA:136,9,1,1792
DA:140,1792
DA:140,1792
BRDA:140,10,0,256
BRDA:140,10,1,1536
DA:141,1536
DA:141,1536
DA:141,1536
DA:142,1536
DA:142,1536
BRDA:142,11,0,256
BRDA:142,11,1,1280
DA:147,1280
DA:147,1280
DA:148,1280
DA:148,1280
FN:154,Redemption.isHashEligibleForRedemption
FNDA:0,Redemption.isHashEligibleForRedemption
DA:155,9216
DA:155,9216
BRDA:155,12,0,256
BRDA:155,12,1,8960
DA:155,256
DA:156,8960
DA:156,8960
BRDA:156,13,0,256
BRDA:156,13,1,8704
DA:156,256
DA:157,8704
DA:157,8704
BRDA:157,14,0,256
BRDA:157,14,1,8448
DA:157,256
DA:158,8448
BRDA:158,15,0,256
BRDA:158,15,1,8192
DA:158,256
DA:159,8192
DA:159,8192
FN:165,Redemption._init
FNDA:0,Redemption._init
DA:166,0
DA:166,0
DA:167,0
DA:167,0
DA:168,0
DA:168,0
DA:169,0
DA:169,0
DA:170,0
DA:170,0
DA:171,0
DA:171,0
DA:172,0
DA:172,0
DA:173,0
DA:173,0
DA:174,0
DA:174,0
DA:175,0
DA:175,0
DA:176,0
DA:176,0
DA:177,0
DA:177,0
DA:178,0
DA:178,0
DA:179,0
DA:179,0
DA:180,0
DA:180,0
DA:181,0
DA:181,0
DA:182,0
DA:182,0
DA:183,0
DA:183,0
DA:184,0
DA:184,0
DA:185,0
DA:185,0
DA:186,0
DA:186,0
DA:187,0
DA:187,0
DA:188,0
DA:188,0
DA:189,0
DA:189,0
DA:190,0
DA:190,0
DA:191,0
DA:191,0
DA:192,0
DA:192,0
DA:193,0
DA:193,0
DA:194,0
DA:194,0
DA:195,0
DA:195,0
DA:196,0
DA:196,0
DA:197,0
DA:197,0
DA:198,0
DA:198,0
DA:199,0
DA:199,0
DA:200,0
DA:200,0
DA:201,0
DA:201,0
DA:202,0
DA:202,0
DA:203,0
DA:203,0
DA:204,0
DA:204,0
DA:205,0
DA:205,0
DA:206,0
DA:206,0
DA:207,0
DA:207,0
DA:208,0
DA:208,0
DA:209,0
DA:209,0
DA:210,0
DA:210,0
DA:211,0
DA:211,0
DA:212,0
DA:212,0
DA:213,0
DA:213,0
DA:214,0
DA:214,0
DA:215,0
DA:215,0
DA:216,0
DA:216,0
DA:217,0
DA:217,0
DA:218,0
DA:218,0
DA:219,0
DA:219,0
DA:220,0
DA:220,0
DA:221,0
DA:221,0
DA:222,0
DA:222,0
DA:223,0
DA:223,0
DA:224,0
DA:224,0
DA:225,0
DA:225,0
DA:226,0
DA:226,0
DA:227,0
DA:227,0
DA:228,0
DA:228,0
DA:229,0
DA:229,0
DA:230,0
DA:230,0
DA:231,0
DA:231,0
DA:232,0
DA:232,0
FNF:6
FNH:4
LF:102
LH:35
BRF:32
BRH:32
end_of_record
TN:
SF:contracts/hashes_collections/CollectionFactory.sol
FN:110,CollectionFactory.addImplementationAddress
FNDA:0,CollectionFactory.addImplementationAddress
DA:115,0
DA:115,0
BRDA:115,0,0,-
BRDA:115,0,1,-
DA:116,0
DA:116,0
DA:117,0
DA:117,0
BRDA:117,1,0,-
BRDA:117,1,1,-
DA:118,0
DA:118,0
BRDA:118,2,0,-
BRDA:118,2,1,-
DA:120,0
DA:120,0
DA:120,0
DA:121,0
DA:121,0
BRDA:121,3,0,-
BRDA:121,3,1,-
DA:128,0
DA:128,0
DA:129,0
DA:129,0
DA:131,0
DA:131,0
DA:133,0
DA:133,0
FN:142,CollectionFactory.createCollection
FNDA:0,CollectionFactory.createCollection
DA:146,0
DA:146,0
DA:147,0
DA:147,0
BRDA:147,4,0,-
BRDA:147,4,1,-
DA:148,0
DA:148,0
BRDA:148,5,0,-
BRDA:148,5,1,-
DA:150,0
DA:150,0
DA:150,0
DA:151,0
DA:151,0
DA:153,0
DA:153,0
DA:155,0
DA:155,0
FN:162,CollectionFactory.setFactoryMaintainerAddress
FNDA:0,CollectionFactory.setFactoryMaintainerAddress
DA:165,0
DA:165,0
DA:166,0
DA:166,0
FN:177,CollectionFactory.removeImplementationAddresses
FNDA:0,CollectionFactory.removeImplementationAddresses
DA:182,0
DA:182,0
BRDA:182,6,0,-
BRDA:182,6,1,-
DA:189,0
DA:189,0
DA:189,0
DA:189,0
DA:192,0
DA:192,0
DA:192,0
DA:192,0
DA:193,0
DA:193,0
BRDA:193,7,0,-
BRDA:193,7,1,-
DA:197,0
DA:197,0
DA:199,0
DA:199,0
DA:200,0
DA:200,0
DA:201,0
DA:201,0
DA:203,0
DA:203,0
BRDA:203,8,0,-
BRDA:203,8,1,-
DA:204,0
DA:204,0
BRDA:204,9,0,-
BRDA:204,9,1,-
DA:205,0
DA:205,0
DA:206,0
DA:206,0
BRDA:206,10,0,-
BRDA:206,10,1,-
DA:207,0
DA:207,0
BRDA:207,11,0,-
BRDA:207,11,1,-
DA:213,0
DA:213,0
DA:216,0
DA:216,0
DA:217,0
DA:217,0
DA:220,0
DA:220,0
FN:229,CollectionFactory.removeCollection
FNDA:0,CollectionFactory.removeCollection
DA:234,0
DA:234,0
DA:235,0
DA:235,0
BRDA:235,12,0,-
BRDA:235,12,1,-
DA:236,0
DA:236,0
BRDA:236,13,0,-
BRDA:236,13,1,-
DA:237,0
DA:237,0
BRDA:237,14,0,-
BRDA:237,14,1,-
DA:243,0
DA:243,0
DA:244,0
DA:244,0
DA:246,0
DA:246,0
FN:258,CollectionFactory.createEcosystemSettings
FNDA:0,CollectionFactory.createEcosystemSettings
DA:262,0
DA:262,0
DA:262,0
DA:263,0
DA:263,0
BRDA:263,15,0,-
BRDA:263,15,1,-
DA:268,0
DA:268,0
DA:268,0
DA:269,0
DA:269,0
DA:271,0
DA:271,0
DA:273,0
DA:273,0
FN:285,CollectionFactory.updateEcosystemSettings
FNDA:0,CollectionFactory.updateEcosystemSettings
DA:286,0
DA:286,0
BRDA:286,16,0,-
BRDA:286,16,1,-
DA:287,0
DA:287,0
BRDA:287,17,0,-
BRDA:287,17,1,-
DA:292,0
DA:292,0
DA:292,0
DA:293,0
DA:293,0
BRDA:293,18,0,-
BRDA:293,18,1,-
DA:298,0
DA:298,0
DA:298,0
DA:299,0
DA:299,0
DA:301,0
DA:301,0
FN:310,CollectionFactory.getEcosystemSettings
FNDA:0,CollectionFactory.getEcosystemSettings
DA:314,0
DA:314,0
BRDA:314,19,0,-
BRDA:314,19,1,-
DA:316,0
DA:316,0
DA:316,0
FN:325,CollectionFactory.getCollections
FNDA:0,CollectionFactory.getCollections
DA:326,0
DA:326,0
BRDA:326,20,0,-
BRDA:326,20,1,-
DA:327,0
DA:327,0
FN:338,CollectionFactory.getCollections
FNDA:0,CollectionFactory.getCollections
DA:343,0
DA:343,0
DA:345,0
DA:345,0
BRDA:345,21,0,-
BRDA:345,21,1,-
DA:346,0
DA:346,0
BRDA:346,22,0,-
BRDA:346,22,1,-
DA:353,0
DA:353,0
DA:353,0
DA:354,0
DA:354,0
DA:354,0
DA:354,0
DA:355,0
DA:355,0
DA:357,0
DA:357,0
FN:364,CollectionFactory.getEcosystems
FNDA:0,CollectionFactory.getEcosystems
DA:365,0
DA:365,0
FN:374,CollectionFactory.getEcosystems
FNDA:0,CollectionFactory.getEcosystems
DA:375,0
DA:375,0
BRDA:375,23,0,-
BRDA:375,23,1,-
DA:380,0
DA:380,0
DA:380,0
DA:381,0
DA:381,0
DA:381,0
DA:381,0
DA:382,0
DA:382,0
DA:384,0
DA:384,0
FN:392,CollectionFactory.getImplementationAddresses
FNDA:0,CollectionFactory.getImplementationAddresses
DA:395,0
DA:395,0
BRDA:395,24,0,-
BRDA:395,24,1,-
DA:396,0
DA:396,0
FN:406,CollectionFactory.getImplementationAddresses
FNDA:0,CollectionFactory.getImplementationAddresses
DA:411,0
DA:411,0
BRDA:411,25,0,-
BRDA:411,25,1,-
DA:412,0
DA:412,0
BRDA:412,26,0,-
BRDA:412,26,1,-
DA:419,0
DA:419,0
DA:419,0
DA:420,0
DA:420,0
DA:420,0
DA:420,0
DA:421,0
DA:421,0
DA:423,0
DA:423,0
FN:426,CollectionFactory.getCheckpointedSettings
FNDA:0,CollectionFactory.getCheckpointedSettings
DA:430,0
DA:430,0
BRDA:430,27,0,-
BRDA:430,27,1,-
DA:436,0
DA:436,0
BRDA:436,28,0,-
BRDA:436,28,1,-
DA:437,0
DA:437,0
DA:440,0
DA:440,0
DA:441,0
DA:441,0
DA:441,0
DA:442,0
DA:442,0
DA:443,0
DA:443,0
DA:443,0
DA:445,0
DA:445,0
BRDA:445,29,0,-
BRDA:445,29,1,-
DA:446,0
DA:446,0
DA:448,0
DA:448,0
BRDA:448,30,0,-
BRDA:448,30,1,-
DA:449,0
DA:449,0
DA:451,0
DA:451,0
DA:454,0
DA:454,0
FN:457,CollectionFactory.safe64
FNDA:0,CollectionFactory.safe64
DA:458,0
DA:458,0
BRDA:458,31,0,-
BRDA:458,31,1,-
DA:459,0
DA:459,0
DA:459,0
FNF:16
FNH:0
LF:96
LH:0
BRF:64
BRH:0
end_of_record
TN:
SF:contracts/hashes_collections/CollectionNFTCloneableV1.sol
FN:184,CollectionNFTCloneableV1.verifyEcosystemSettings
FNDA:0,CollectionNFTCloneableV1.verifyEcosystemSettings
DA:185,0
DA:185,0
DA:189,0
DA:189,0
DA:191,0
DA:191,0
DA:192,0
DA:192,0
DA:192,0
DA:192,0
DA:193,0
DA:193,0
DA:194,0
DA:194,0
FN:226,CollectionNFTCloneableV1.initialize
FNDA:0,CollectionNFTCloneableV1.initialize
DA:232,0
DA:232,0
BRDA:232,0,0,-
BRDA:232,0,1,-
DA:234,0
DA:234,0
DA:235,0
DA:235,0
DA:238,0
DA:238,0
DA:239,0
DA:239,0
DA:240,0
DA:240,0
DA:241,0
DA:241,0
DA:242,0
DA:242,0
DA:243,0
DA:243,0
DA:244,0
DA:244,0
DA:245,0
DA:245,0
DA:246,0
DA:246,0
DA:247,0
DA:247,0
DA:249,0
DA:249,0
DA:249,0
DA:250,0
DA:250,0
DA:250,0
DA:255,0
DA:255,0
DA:260,0
DA:260,0
BRDA:260,1,0,-
BRDA:260,1,1,-
DA:265,0
DA:265,0
DA:267,0
DA:267,0
DA:269,0
DA:269,0
FN:291,CollectionNFTCloneableV1.mint
FNDA:0,CollectionNFTCloneableV1.mint
DA:292,0
DA:292,0
BRDA:292,2,0,-
BRDA:292,2,1,-
DA:293,0
DA:293,0
BRDA:293,3,0,-
BRDA:293,3,1,-
DA:297,0
DA:297,0
BRDA:297,4,0,-
BRDA:297,4,1,-
DA:303,0
DA:303,0
DA:303,0
DA:307,0
DA:307,0
BRDA:307,5,0,-
BRDA:307,5,1,-
DA:310,0
DA:310,0
DA:310,0
DA:311,0
DA:311,0
BRDA:311,6,0,-
BRDA:311,6,1,-
DA:313,0
DA:313,0
DA:318,0
DA:318,0
DA:318,0
DA:319,0
DA:319,0
DA:319,0
DA:321,0
DA:321,0
DA:322,0
DA:322,0
BRDA:322,7,0,-
BRDA:322,7,1,-
DA:324,0
DA:324,0
DA:326,0
DA:326,0
DA:326,0
DA:327,0
DA:327,0
BRDA:327,8,0,-
BRDA:327,8,1,-
DA:331,0
DA:331,0
DA:331,0
BRDA:331,9,0,-
BRDA:331,9,1,-
DA:335,0
DA:335,0
DA:335,0
DA:336,0
DA:336,0
BRDA:336,10,0,-
BRDA:336,10,1,-
DA:338,0
DA:338,0
DA:341,0
DA:341,0
BRDA:341,11,0,-
BRDA:341,11,1,-
DA:347,0
DA:347,0
DA:347,0
DA:348,0
DA:348,0
BRDA:348,12,0,-
BRDA:348,12,1,-
DA:351,0
DA:351,0
DA:353,0
DA:353,0
FN:360,CollectionNFTCloneableV1.burn
FNDA:0,CollectionNFTCloneableV1.burn
DA:361,0
DA:361,0
BRDA:361,13,0,-
BRDA:361,13,1,-
DA:365,0
DA:365,0
DA:367,0
DA:367,0
FN:375,CollectionNFTCloneableV1.completeSignatureBlock
FNDA:0,CollectionNFTCloneableV1.completeSignatureBlock
DA:376,0
DA:376,0
BRDA:376,14,0,-
BRDA:376,14,1,-
DA:377,0
DA:377,0
BRDA:377,15,0,-
BRDA:377,15,1,-
DA:381,0
DA:381,0
BRDA:381,16,0,-
BRDA:381,16,1,-
DA:385,0
DA:385,0
DA:387,0
DA:387,0
FN:391,CollectionNFTCloneableV1.royaltyInfo
FNDA:0,CollectionNFTCloneableV1.royaltyInfo
DA:398,0
DA:398,0
FN:408,CollectionNFTCloneableV1.renounceOwnership
FNDA:0,CollectionNFTCloneableV1.renounceOwnership
DA:409,0
DA:409,0
FN:420,CollectionNFTCloneableV1.transferOwnership
FNDA:0,CollectionNFTCloneableV1.transferOwnership
DA:421,0
DA:421,0
BRDA:421,17,0,-
BRDA:421,17,1,-
DA:422,0
DA:422,0
FN:429,CollectionNFTCloneableV1.setBaseTokenURI
FNDA:0,CollectionNFTCloneableV1.setBaseTokenURI
DA:430,0
DA:430,0
DA:431,0
DA:431,0
FN:438,CollectionNFTCloneableV1.setRoyaltyBps
FNDA:0,CollectionNFTCloneableV1.setRoyaltyBps
DA:439,0
DA:439,0
BRDA:439,18,0,-
BRDA:439,18,1,-
DA:443,0
DA:443,0
DA:444,0
DA:444,0
FN:452,CollectionNFTCloneableV1.transferCreator
FNDA:0,CollectionNFTCloneableV1.transferCreator
DA:453,0
DA:453,0
DA:454,0
DA:454,0
DA:455,0
DA:455,0
FN:458,CollectionNFTCloneableV1.setSignatureBlockAddress
FNDA:0,CollectionNFTCloneableV1.setSignatureBlockAddress
DA:459,0
DA:459,0
BRDA:459,19,0,-
BRDA:459,19,1,-
DA:460,0
DA:460,0
DA:461,0
DA:461,0
FN:468,CollectionNFTCloneableV1.withdraw
FNDA:0,CollectionNFTCloneableV1.withdraw
DA:471,0
DA:471,0
DA:475,0
DA:475,0
DA:475,0
DA:479,0
DA:479,0
DA:479,0
DA:481,0
DA:481,0
BRDA:481,20,0,-
BRDA:481,20,1,-
DA:482,0
DA:482,0
DA:482,0
DA:483,0
DA:483,0
BRDA:483,21,0,-
BRDA:483,21,1,-
DA:486,0
DA:486,0
BRDA:486,22,0,-
BRDA:486,22,1,-
DA:487,0
DA:487,0
DA:487,0
DA:488,0
DA:488,0
BRDA:488,23,0,-
BRDA:488,23,1,-
DA:491,0
DA:491,0
FN:494,CollectionNFTCloneableV1.supportsInterface
FNDA:0,CollectionNFTCloneableV1.supportsInterface
DA:495,0
DA:495,0
DA:495,0
DA:495,0
DA:495,0
FN:502,CollectionNFTCloneableV1.tokenURI
FNDA:0,CollectionNFTCloneableV1.tokenURI
DA:504,0
DA:504,0
BRDA:504,24,0,-
BRDA:504,24,1,-
DA:507,0
DA:507,0
DA:507,0
FN:513,CollectionNFTCloneableV1.name
FNDA:0,CollectionNFTCloneableV1.name
DA:514,0
DA:514,0
FN:520,CollectionNFTCloneableV1.symbol
FNDA:0,CollectionNFTCloneableV1.symbol
DA:521,0
DA:521,0
FN:524,CollectionNFTCloneableV1._toDecimalString
FNDA:0,CollectionNFTCloneableV1._toDecimalString
DA:528,0
DA:528,0
BRDA:528,25,0,-
BRDA:528,25,1,-
DA:529,0
DA:529,0
DA:531,0
DA:531,0
DA:532,0
DA:532,0
DA:533,0
DA:533,0
DA:534,0
DA:534,0
DA:535,0
DA:535,0
DA:537,0
DA:537,0
DA:537,0
DA:538,0
DA:538,0
DA:539,0
DA:539,0
DA:540,0
DA:540,0
DA:541,0
DA:541,0
DA:543,0
DA:543,0
DA:543,0
FN:546,CollectionNFTCloneableV1.safe64
FNDA:0,CollectionNFTCloneableV1.safe64
DA:547,0
DA:547,0
BRDA:547,26,0,-
BRDA:547,26,1,-
DA:548,0
DA:548,0
DA:548,0
FN:551,CollectionNFTCloneableV1.safe128
FNDA:0,CollectionNFTCloneableV1.safe128
DA:552,0
DA:552,0
BRDA:552,27,0,-
BRDA:552,27,1,-
DA:553,0
DA:553,0
DA:553,0
FNF:20
FNH:0
LF:105
LH:0
BRF:56
BRH:0
end_of_record
TN:
SF:contracts/hashes_collections/CollectionNFTCloneableV2.sol
FN:187,CollectionNFTCloneableV2.verifyEcosystemSettings
FNDA:0,CollectionNFTCloneableV2.verifyEcosystemSettings
DA:188,0
DA:188,0
DA:192,0
DA:192,0
DA:194,0
DA:194,0
DA:195,0
DA:195,0
DA:195,0
DA:195,0
DA:196,0
DA:196,0
DA:197,0
DA:197,0
FN:232,CollectionNFTCloneableV2.initialize
FNDA:0,CollectionNFTCloneableV2.initialize
DA:238,0
DA:238,0
BRDA:238,0,0,-
BRDA:238,0,1,-
DA:240,0
DA:240,0
DA:241,0
DA:241,0
DA:244,0
DA:244,0
DA:245,0
DA:245,0
DA:246,0
DA:246,0
DA:247,0
DA:247,0
DA:248,0
DA:248,0
DA:249,0
DA:249,0
DA:250,0
DA:250,0
DA:251,0
DA:251,0
DA:252,0
DA:252,0
DA:253,0
DA:253,0
DA:255,0
DA:255,0
DA:255,0
DA:256,0
DA:256,0
DA:256,0
DA:261,0
DA:261,0
DA:266,0
DA:266,0
BRDA:266,1,0,-
BRDA:266,1,1,-
DA:271,0
DA:271,0
DA:273,0
DA:273,0
DA:275,0
DA:275,0
FN:289,CollectionNFTCloneableV2.draw
FNDA:0,CollectionNFTCloneableV2.draw
DA:291,0
DA:291,0
BRDA:291,2,0,-
BRDA:291,2,1,-
DA:294,0
DA:294,0
DA:295,0
DA:295,0
FN:311,CollectionNFTCloneableV2.mint
FNDA:0,CollectionNFTCloneableV2.mint
DA:312,0
DA:312,0
BRDA:312,3,0,-
BRDA:312,3,1,-
DA:313,0
DA:313,0
BRDA:313,4,0,-
BRDA:313,4,1,-
DA:317,0
DA:317,0
BRDA:317,5,0,-
BRDA:317,5,1,-
DA:323,0
DA:323,0
DA:323,0
DA:327,0
DA:327,0
BRDA:327,6,0,-
BRDA:327,6,1,-
DA:330,0
DA:330,0
DA:330,0
DA:331,0
DA:331,0
BRDA:331,7,0,-
BRDA:331,7,1,-
DA:333,0
DA:333,0
DA:338,0
DA:338,0
DA:338,0
DA:339,0
DA:339,0
DA:339,0
DA:341,0
DA:341,0
DA:342,0
DA:342,0
BRDA:342,8,0,-
BRDA:342,8,1,-
DA:344,0
DA:344,0
DA:346,0
DA:346,0
DA:346,0
DA:347,0
DA:347,0
BRDA:347,9,0,-
BRDA:347,9,1,-
DA:351,0
DA:351,0
DA:351,0
BRDA:351,10,0,-
BRDA:351,10,1,-
DA:355,0
DA:355,0
DA:355,0
DA:356,0
DA:356,0
BRDA:356,11,0,-
BRDA:356,11,1,-
DA:358,0
DA:358,0
DA:361,0
DA:361,0
BRDA:361,12,0,-
BRDA:361,12,1,-
DA:367,0
DA:367,0
DA:367,0
DA:368,0
DA:368,0
BRDA:368,13,0,-
BRDA:368,13,1,-
DA:373,0
DA:373,0
DA:373,0
DA:377,0
DA:377,0
DA:383,0
DA:383,0
DA:385,0
DA:385,0
FN:392,CollectionNFTCloneableV2.burn
FNDA:0,CollectionNFTCloneableV2.burn
DA:393,0
DA:393,0
BRDA:393,14,0,-
BRDA:393,14,1,-
DA:397,0
DA:397,0
DA:399,0
DA:399,0
FN:407,CollectionNFTCloneableV2.completeSignatureBlock
FNDA:0,CollectionNFTCloneableV2.completeSignatureBlock
DA:408,0
DA:408,0
BRDA:408,15,0,-
BRDA:408,15,1,-
DA:409,0
DA:409,0
BRDA:409,16,0,-
BRDA:409,16,1,-
DA:413,0
DA:413,0
BRDA:413,17,0,-
BRDA:413,17,1,-
DA:417,0
DA:417,0
DA:419,0
DA:419,0
FN:423,CollectionNFTCloneableV2.royaltyInfo
FNDA:0,CollectionNFTCloneableV2.royaltyInfo
DA:430,0
DA:430,0
FN:440,CollectionNFTCloneableV2.renounceOwnership
FNDA:0,CollectionNFTCloneableV2.renounceOwnership
DA:441,0
DA:441,0
FN:452,CollectionNFTCloneableV2.transferOwnership
FNDA:0,CollectionNFTCloneableV2.transferOwnership
DA:453,0
DA:453,0
BRDA:453,18,0,-
BRDA:453,18,1,-
DA:454,0
DA:454,0
FN:461,CollectionNFTCloneableV2.setRoyaltyBps
FNDA:0,CollectionNFTCloneableV2.setRoyaltyBps
DA:462,0
DA:462,0
BRDA:462,19,0,-
BRDA:462,19,1,-
DA:466,0
DA:466,0
DA:467,0
DA:467,0
FN:475,CollectionNFTCloneableV2.transferCreator
FNDA:0,CollectionNFTCloneableV2.transferCreator
DA:476,0
DA:476,0
DA:477,0
DA:477,0
DA:478,0
DA:478,0
FN:481,CollectionNFTCloneableV2.setSignatureBlockAddress
FNDA:0,CollectionNFTCloneableV2.setSignatureBlockAddress
DA:482,0
DA:482,0
BRDA:482,20,0,-
BRDA:482,20,1,-
DA:483,0
DA:483,0
DA:484,0
DA:484,0
FN:491,CollectionNFTCloneableV2.withdraw
FNDA:0,CollectionNFTCloneableV2.withdraw
DA:494,0
DA:494,0
DA:498,0
DA:498,0
DA:498,0
DA:502,0
DA:502,0
DA:502,0
DA:504,0
DA:504,0
BRDA:504,21,0,-
BRDA:504,21,1,-
DA:505,0
DA:505,0
DA:505,0
DA:506,0
DA:506,0
BRDA:506,22,0,-
BRDA:506,22,1,-
DA:509,0
DA:509,0
BRDA:509,23,0,-
BRDA:509,23,1,-
DA:510,0
DA:510,0
DA:510,0
DA:511,0
DA:511,0
BRDA:511,24,0,-
BRDA:511,24,1,-
DA:514,0
DA:514,0
FN:517,CollectionNFTCloneableV2.supportsInterface
FNDA:0,CollectionNFTCloneableV2.supportsInterface
DA:518,0
DA:518,0
DA:518,0
DA:518,0
DA:518,0
FN:525,CollectionNFTCloneableV2.tokenURI
FNDA:0,CollectionNFTCloneableV2.tokenURI
DA:527,0
DA:527,0
BRDA:527,25,0,-
BRDA:527,25,1,-
DA:529,0
DA:529,0
DA:529,0
FN:535,CollectionNFTCloneableV2.name
FNDA:0,CollectionNFTCloneableV2.name
DA:536,0
DA:536,0
FN:542,CollectionNFTCloneableV2.symbol
FNDA:0,CollectionNFTCloneableV2.symbol
DA:543,0
DA:543,0
FN:546,CollectionNFTCloneableV2.safe64
FNDA:0,CollectionNFTCloneableV2.safe64
DA:547,0
DA:547,0
BRDA:547,26,0,-
BRDA:547,26,1,-
DA:548,0
DA:548,0
DA:548,0
FN:551,CollectionNFTCloneableV2.safe128
FNDA:0,CollectionNFTCloneableV2.safe128
DA:552,0
DA:552,0
BRDA:552,27,0,-
BRDA:552,27,1,-
DA:553,0
DA:553,0
DA:553,0
FNF:19
FNH:0
LF:95
LH:0
BRF:56
BRH:0
end_of_record
TN:
SF:contracts/hashes_collections/CollectionPaymentSplitterCloneable.sol
FN:41,CollectionPaymentSplitterCloneable.verifyEcosystemSettings
FNDA:0,CollectionPaymentSplitterCloneable.verifyEcosystemSettings
DA:42,0
DA:42,0
DA:42,0
FN:55,CollectionPaymentSplitterCloneable.initialize
FNDA:0,CollectionPaymentSplitterCloneable.initialize
DA:61,0
DA:61,0
BRDA:61,0,0,-
BRDA:61,0,1,-
DA:63,0
DA:63,0
DA:65,0
DA:65,0
DA:65,0
DA:66,0
DA:66,0
DA:68,0
DA:68,0
DA:70,0
DA:70,0
FN:77,CollectionPaymentSplitterCloneable.setBaseTokenURI
FNDA:0,CollectionPaymentSplitterCloneable.setBaseTokenURI
DA:81,0
DA:81,0
FN:88,CollectionPaymentSplitterCloneable.setRoyaltyBps
FNDA:0,CollectionPaymentSplitterCloneable.setRoyaltyBps
DA:89,0
DA:89,0
FN:96,CollectionPaymentSplitterCloneable.transferCreator
FNDA:0,CollectionPaymentSplitterCloneable.transferCreator
DA:100,0
DA:100,0
FNF:5
FNH:0
LF:10
LH:0
BRF:2
BRH:0
end_of_record
TN:
SF:contracts/hashes_collections/MultiStageAllowlistCloneable.sol
FN:154,MultiStageAllowlistCloneable.initialize
FNDA:0,MultiStageAllowlistCloneable.initialize
DA:160,0
DA:160,0
BRDA:160,0,0,-
BRDA:160,0,1,-
DA:162,0
DA:162,0
DA:164,0
DA:164,0
DA:166,0
DA:166,0
DA:167,0
DA:167,0
DA:169,0
DA:169,0
DA:169,0
DA:171,0
DA:171,0
DA:171,0
DA:171,0
DA:172,0
DA:172,0
DA:173,0
DA:173,0
DA:174,0
DA:174,0
DA:175,0
DA:175,0
DA:176,0
DA:176,0
DA:177,0
DA:177,0
DA:178,0
DA:178,0
DA:180,0
DA:180,0
DA:180,0
DA:180,0
DA:181,0
DA:181,0
DA:184,0
DA:184,0
DA:184,0
DA:184,0
DA:185,0
DA:185,0
DA:189,0
DA:189,0
DA:190,0
DA:190,0
FN:197,MultiStageAllowlistCloneable.setNftAddress
FNDA:0,MultiStageAllowlistCloneable.setNftAddress
DA:198,0
DA:198,0
BRDA:198,1,0,-
BRDA:198,1,1,-
DA:199,0
DA:199,0
BRDA:199,2,0,-
BRDA:199,2,1,-
DA:200,0
DA:200,0
FN:209,MultiStageAllowlistCloneable.setTokenIdEligibility
FNDA:0,MultiStageAllowlistCloneable.setTokenIdEligibility
DA:214,0
DA:214,0
DA:214,0
DA:215,0
BRDA:215,3,0,-
BRDA:215,3,1,-
DA:216,0
DA:216,0
DA:221,0
DA:221,0
FN:233,MultiStageAllowlistCloneable.setTokenIdAllowlist
FNDA:0,MultiStageAllowlistCloneable.setTokenIdAllowlist
DA:237,0
DA:237,0
DA:237,0
DA:237,0
DA:238,0
DA:238,0
DA:241,0
DA:241,0
FN:250,MultiStageAllowlistCloneable.setWalletEligibility
FNDA:0,MultiStageAllowlistCloneable.setWalletEligibility
DA:255,0
DA:255,0
FN:263,MultiStageAllowlistCloneable.setEligibilityExtension
FNDA:0,MultiStageAllowlistCloneable.setEligibilityExtension
DA:267,0
DA:267,0
FN:274,MultiStageAllowlistCloneable.setStageState
FNDA:0,MultiStageAllowlistCloneable.setStageState
DA:275,0
DA:275,0
FN:281,MultiStageAllowlistCloneable.closeMinting
FNDA:0,MultiStageAllowlistCloneable.closeMinting
DA:282,0
DA:282,0
FN:288,MultiStageAllowlistCloneable.startNextStage
FNDA:0,MultiStageAllowlistCloneable.startNextStage
DA:289,0
DA:289,0
BRDA:289,4,0,-
BRDA:289,4,1,-
DA:290,0
DA:290,0
DA:292,0
DA:292,0
BRDA:292,5,0,-
BRDA:292,5,1,-
DA:295,0
DA:295,0
FN:302,MultiStageAllowlistCloneable.startStage
FNDA:0,MultiStageAllowlistCloneable.startStage
DA:303,0
DA:303,0
BRDA:303,6,0,-
BRDA:303,6,1,-
DA:304,0
DA:304,0
BRDA:304,7,0,-
BRDA:304,7,1,-
DA:307,0
DA:307,0
DA:308,0
DA:308,0
FN:317,MultiStageAllowlistCloneable.isTokenEligibleToMint
FNDA:0,MultiStageAllowlistCloneable.isTokenEligibleToMint
DA:322,0
DA:322,0
DA:322,0
DA:322,0
DA:322,0
DA:323,0
DA:323,0
DA:325,0
DA:325,0
BRDA:321,8,0,-
BRDA:321,8,1,-
DA:328,0
DA:328,0
DA:331,0
DA:331,0
DA:332,0
DA:332,0
DA:334,0
BRDA:334,9,0,-
BRDA:334,9,1,-
DA:335,0
DA:335,0
DA:340,0
DA:340,0
DA:340,0
DA:340,0
BRDA:340,10,0,-
BRDA:340,10,1,-
DA:341,0
DA:341,0
DA:347,0
DA:347,0
DA:347,0
FN:356,MultiStageAllowlistCloneable.getTokenMintFee
FNDA:0,MultiStageAllowlistCloneable.getTokenMintFee
DA:360,0
DA:360,0
FN:369,MultiStageAllowlistCloneable.verifyEcosystemSettings
FNDA:0,MultiStageAllowlistCloneable.verifyEcosystemSettings
DA:370,0
DA:370,0
DA:370,0
FN:379,MultiStageAllowlistCloneable._isTokenIdAllowed
FNDA:0,MultiStageAllowlistCloneable._isTokenIdAllowed
DA:381,0
DA:381,0
DA:381,0
BRDA:381,11,0,-
BRDA:381,11,1,-
DA:381,0
DA:383,0
DA:383,0
DA:383,0
DA:384,0
DA:384,0
DA:385,0
DA:385,0
DA:386,0
DA:386,0
DA:386,0
FN:394,MultiStageAllowlistCloneable._getTokenElementPositions
FNDA:0,MultiStageAllowlistCloneable._getTokenElementPositions
DA:396,0
DA:396,0
DA:396,0
DA:398,0
DA:398,0
DA:398,0
DA:400,0
DA:400,0
FN:408,MultiStageAllowlistCloneable._setBit
FNDA:0,MultiStageAllowlistCloneable._setBit
DA:409,0
DA:409,0
BRDA:409,12,0,-
BRDA:409,12,1,-
DA:410,0
DA:410,0
DA:410,0
FN:418,MultiStageAllowlistCloneable._clearBit
FNDA:0,MultiStageAllowlistCloneable._clearBit
DA:419,0
DA:419,0
BRDA:419,13,0,-
BRDA:419,13,1,-
DA:420,0
DA:420,0
DA:420,0
DA:420,0
FNF:17
FNH:0
LF:67
LH:0
BRF:28
BRH:0
end_of_record
TN:
SF:contracts/hashes_collections/MultistageAllowlistCloneable.sol
FN:154,MultiStageAllowlistCloneable.initialize
FNDA:0,MultiStageAllowlistCloneable.initialize
DA:160,0
DA:160,0
BRDA:160,0,0,-
BRDA:160,0,1,-
DA:162,0
DA:162,0
DA:164,0
DA:164,0
DA:166,0
DA:166,0
DA:167,0
DA:167,0
DA:169,0
DA:169,0
DA:169,0
DA:171,0
DA:171,0
DA:171,0
DA:171,0
DA:172,0
DA:172,0
DA:173,0
DA:173,0
DA:174,0
DA:174,0
DA:175,0
DA:175,0
DA:176,0
DA:176,0
DA:177,0
DA:177,0
DA:178,0
DA:178,0
DA:180,0
DA:180,0
DA:180,0
DA:180,0
DA:181,0
DA:181,0
DA:184,0
DA:184,0
DA:184,0
DA:184,0
DA:185,0
DA:185,0
DA:189,0
DA:189,0
DA:190,0
DA:190,0
FN:197,MultiStageAllowlistCloneable.setNftAddress
FNDA:0,MultiStageAllowlistCloneable.setNftAddress
DA:198,0
DA:198,0
BRDA:198,1,0,-
BRDA:198,1,1,-
DA:199,0
DA:199,0
BRDA:199,2,0,-
BRDA:199,2,1,-
DA:200,0
DA:200,0
FN:209,MultiStageAllowlistCloneable.setTokenIdEligibility
FNDA:0,MultiStageAllowlistCloneable.setTokenIdEligibility
DA:214,0
DA:214,0
DA:214,0
DA:215,0
BRDA:215,3,0,-
BRDA:215,3,1,-
DA:216,0
DA:216,0
DA:221,0
DA:221,0
FN:233,MultiStageAllowlistCloneable.setTokenIdAllowlist
FNDA:0,MultiStageAllowlistCloneable.setTokenIdAllowlist
DA:237,0
DA:237,0
DA:237,0
DA:237,0
DA:238,0
DA:238,0
DA:241,0
DA:241,0
FN:250,MultiStageAllowlistCloneable.setWalletEligibility
FNDA:0,MultiStageAllowlistCloneable.setWalletEligibility
DA:255,0
DA:255,0
FN:263,MultiStageAllowlistCloneable.setEligibilityExtension
FNDA:0,MultiStageAllowlistCloneable.setEligibilityExtension
DA:267,0
DA:267,0
FN:274,MultiStageAllowlistCloneable.setStageState
FNDA:0,MultiStageAllowlistCloneable.setStageState
DA:275,0
DA:275,0
FN:281,MultiStageAllowlistCloneable.closeMinting
FNDA:0,MultiStageAllowlistCloneable.closeMinting
DA:282,0
DA:282,0
FN:288,MultiStageAllowlistCloneable.startNextStage
FNDA:0,MultiStageAllowlistCloneable.startNextStage
DA:289,0
DA:289,0
BRDA:289,4,0,-
BRDA:289,4,1,-
DA:290,0
DA:290,0
DA:292,0
DA:292,0
BRDA:292,5,0,-
BRDA:292,5,1,-
DA:295,0
DA:295,0
FN:302,MultiStageAllowlistCloneable.startStage
FNDA:0,MultiStageAllowlistCloneable.startStage
DA:303,0
DA:303,0
BRDA:303,6,0,-
BRDA:303,6,1,-
DA:304,0
DA:304,0
BRDA:304,7,0,-
BRDA:304,7,1,-
DA:307,0
DA:307,0
DA:308,0
DA:308,0
FN:317,MultiStageAllowlistCloneable.isTokenEligibleToMint
FNDA:0,MultiStageAllowlistCloneable.isTokenEligibleToMint
DA:322,0
DA:322,0
DA:322,0
DA:322,0
DA:322,0
DA:323,0
DA:323,0
DA:325,0
DA:325,0
BRDA:321,8,0,-
BRDA:321,8,1,-
DA:328,0
DA:328,0
DA:331,0
DA:331,0
DA:332,0
DA:332,0
DA:334,0
BRDA:334,9,0,-
BRDA:334,9,1,-
DA:335,0
DA:335,0
DA:340,0
DA:340,0
DA:340,0
DA:340,0
BRDA:340,10,0,-
BRDA:340,10,1,-
DA:341,0
DA:341,0
DA:347,0
DA:347,0
DA:347,0
FN:356,MultiStageAllowlistCloneable.getTokenMintFee
FNDA:0,MultiStageAllowlistCloneable.getTokenMintFee
DA:360,0
DA:360,0
FN:369,MultiStageAllowlistCloneable.verifyEcosystemSettings
FNDA:0,MultiStageAllowlistCloneable.verifyEcosystemSettings
DA:370,0
DA:370,0
DA:370,0
FN:379,MultiStageAllowlistCloneable._isTokenIdAllowed
FNDA:0,MultiStageAllowlistCloneable._isTokenIdAllowed
DA:381,0
DA:381,0
DA:381,0
BRDA:381,11,0,-
BRDA:381,11,1,-
DA:381,0
DA:383,0
DA:383,0
DA:383,0
DA:384,0
DA:384,0
DA:385,0
DA:385,0
DA:386,0
DA:386,0
DA:386,0
FN:394,MultiStageAllowlistCloneable._getTokenElementPositions
FNDA:0,MultiStageAllowlistCloneable._getTokenElementPositions
DA:396,0
DA:396,0
DA:396,0
DA:398,0
DA:398,0
DA:398,0
DA:400,0
DA:400,0
FN:408,MultiStageAllowlistCloneable._setBit
FNDA:0,MultiStageAllowlistCloneable._setBit
DA:409,0
DA:409,0
BRDA:409,12,0,-
BRDA:409,12,1,-
DA:410,0
DA:410,0
DA:410,0
FN:418,MultiStageAllowlistCloneable._clearBit
FNDA:0,MultiStageAllowlistCloneable._clearBit
DA:419,0
DA:419,0
BRDA:419,13,0,-
BRDA:419,13,1,-
DA:420,0
DA:420,0
DA:420,0
DA:420,0
FNF:17
FNH:0
LF:67
LH:0
BRF:28
BRH:0
end_of_record
TN:
SF:contracts/hashes_collections/OwnableCloneable.sol
FN:37,OwnableCloneable.initializeOwnership
FNDA:0,OwnableCloneable.initializeOwnership
DA:38,0
DA:38,0
BRDA:38,0,0,-
BRDA:38,0,1,-
DA:39,0
DA:39,0
DA:40,0
DA:40,0
FN:46,OwnableCloneable.owner
FNDA:0,OwnableCloneable.owner
DA:47,0
DA:47,0
FN:65,OwnableCloneable.renounceOwnership
FNDA:0,OwnableCloneable.renounceOwnership
DA:66,0
DA:66,0
FN:73,OwnableCloneable.transferOwnership
FNDA:0,OwnableCloneable.transferOwnership
DA:74,0
DA:74,0
BRDA:74,1,0,-
BRDA:74,1,1,-
DA:75,0
DA:75,0
FN:80,OwnableCloneable._setOwner
FNDA:0,OwnableCloneable._setOwner
DA:81,0
DA:81,0
DA:82,0
DA:82,0
DA:83,0
DA:83,0
FNF:5
FNH:0
LF:10
LH:0
BRF:4
BRH:0
end_of_record
TN:
SF:contracts/hashes_collections/PaymentSplitterCloneable.sol
FN:50,PaymentSplitterCloneable.initializeSplitter
FNDA:0,PaymentSplitterCloneable.initializeSplitter
DA:51,0
DA:51,0
BRDA:51,0,0,-
BRDA:51,0,1,-
DA:52,0
DA:52,0
BRDA:52,1,0,-
BRDA:52,1,1,-
DA:53,0
DA:53,0
BRDA:53,2,0,-
BRDA:53,2,1,-
DA:54,0
DA:54,0
DA:56,0
DA:56,0
DA:56,0
DA:56,0
DA:57,0
DA:57,0
FN:77,PaymentSplitterCloneable.totalShares
FNDA:0,PaymentSplitterCloneable.totalShares
DA:78,0
DA:78,0
FN:84,PaymentSplitterCloneable.totalReleased
FNDA:0,PaymentSplitterCloneable.totalReleased
DA:85,0
DA:85,0
FN:91,PaymentSplitterCloneable.shares
FNDA:0,PaymentSplitterCloneable.shares
DA:92,0
DA:92,0
FN:98,PaymentSplitterCloneable.released
FNDA:0,PaymentSplitterCloneable.released
DA:99,0
DA:99,0
FN:105,PaymentSplitterCloneable.payee
FNDA:0,PaymentSplitterCloneable.payee
DA:106,0
DA:106,0
FN:113,PaymentSplitterCloneable.release
FNDA:0,PaymentSplitterCloneable.release
DA:114,0
DA:114,0
BRDA:114,3,0,-
BRDA:114,3,1,-
DA:116,0
DA:116,0
DA:116,0
DA:117,0
DA:117,0
DA:117,0
DA:117,0
DA:119,0
DA:119,0
BRDA:119,4,0,-
BRDA:119,4,1,-
DA:121,0
DA:121,0
DA:122,0
DA:122,0
DA:124,0
DA:124,0
DA:125,0
DA:125,0
FN:132,PaymentSplitterCloneable.releaseAll
FNDA:0,PaymentSplitterCloneable.releaseAll
DA:133,0
DA:133,0
DA:133,0
DA:133,0
DA:134,0
DA:134,0
DA:134,0
DA:135,0
DA:135,0
DA:135,0
DA:136,0
DA:136,0
DA:136,0
DA:136,0
DA:137,0
DA:137,0
BRDA:137,5,0,-
BRDA:137,5,1,-
DA:138,0
DA:138,0
DA:140,0
DA:140,0
DA:141,0
DA:141,0
DA:143,0
DA:143,0
DA:144,0
DA:144,0
FN:153,PaymentSplitterCloneable._addPayee
FNDA:0,PaymentSplitterCloneable._addPayee
DA:154,0
DA:154,0
BRDA:154,6,0,-
BRDA:154,6,1,-
DA:155,0
DA:155,0
BRDA:155,7,0,-
BRDA:155,7,1,-
DA:156,0
DA:156,0
BRDA:156,8,0,-
BRDA:156,8,1,-
DA:158,0
DA:158,0
DA:159,0
DA:159,0
DA:160,0
DA:160,0
DA:161,0
DA:161,0
FNF:9
FNH:0
LF:36
LH:0
BRF:18
BRH:0
end_of_record
TN:
SF:contracts/hashes_collections/medleys/MedleyLimitedEditionPredicates.sol
FN:38,MedleyLimitedEditionPredicates.setPreSeasonAllowlist
FNDA:0,MedleyLimitedEditionPredicates.setPreSeasonAllowlist
DA:39,0
DA:39,0
BRDA:39,0,0,-
BRDA:39,0,1,-
DA:40,0
DA:40,0
DA:40,0
DA:40,0
DA:41,0
DA:41,0
FN:45,MedleyLimitedEditionPredicates.setNormalSeasonAllowlist
FNDA:0,MedleyLimitedEditionPredicates.setNormalSeasonAllowlist
DA:46,0
DA:46,0
BRDA:46,1,0,-
BRDA:46,1,1,-
DA:47,0
DA:47,0
DA:47,0
DA:47,0
DA:48,0
DA:48,0
FN:52,MedleyLimitedEditionPredicates.setCurrentRolloutState
FNDA:0,MedleyLimitedEditionPredicates.setCurrentRolloutState
DA:53,0
DA:53,0
FN:56,MedleyLimitedEditionPredicates.getTokenMintFee
FNDA:0,MedleyLimitedEditionPredicates.getTokenMintFee
DA:57,0
DA:57,0
BRDA:57,2,0,-
BRDA:57,2,1,-
DA:58,0
DA:58,0
DA:60,0
DA:60,0
FN:63,MedleyLimitedEditionPredicates.isTokenEligibleToMint
FNDA:0,MedleyLimitedEditionPredicates.isTokenEligibleToMint
DA:64,0
DA:64,0
BRDA:64,3,0,-
BRDA:64,3,1,-
DA:65,0
DA:65,0
DA:67,0
DA:67,0
BRDA:67,4,0,-
BRDA:67,4,1,-
DA:68,0
DA:68,0
DA:68,0
DA:68,0
DA:70,0
DA:70,0
BRDA:70,5,0,-
BRDA:70,5,1,-
DA:71,0
DA:71,0
DA:72,0
DA:72,0
DA:72,0
DA:75,0
DA:75,0
BRDA:75,6,0,-
BRDA:75,6,1,-
DA:76,0
DA:76,0
DA:76,0
DA:78,0
DA:78,0
BRDA:78,7,0,-
BRDA:78,7,1,-
DA:79,0
DA:79,0
DA:81,0
DA:81,0
BRDA:81,8,0,-
BRDA:81,8,1,-
DA:82,0
DA:82,0
DA:83,0
DA:83,0
DA:85,0
DA:85,0
FNF:5
FNH:0
LF:25
LH:0
BRF:18
BRH:0
end_of_record
TN:
SF:contracts/hashes_collections/predicates/AllHashesEligibilityPredicate.sol
FN:26,AllHashesEligibilityPredicate.isTokenEligibleToMint
FNDA:0,AllHashesEligibilityPredicate.isTokenEligibleToMint
DA:27,0
DA:27,0
FN:36,AllHashesEligibilityPredicate.verifyEcosystemSettings
FNDA:0,AllHashesEligibilityPredicate.verifyEcosystemSettings
DA:37,0
DA:37,0
DA:37,0
FNF:2
FNH:0
LF:2
LH:0
BRF:0
BRH:0
end_of_record
TN:
SF:contracts/hashes_collections/predicates/DAOHashesEligibilityPredicate.sol
FN:34,DAOHashesEligibilityPredicate.isTokenEligibleToMint
FNDA:0,DAOHashesEligibilityPredicate.isTokenEligibleToMint
DA:35,0
DA:35,0
DA:35,0
DA:35,0
DA:35,0
DA:35,0
FN:44,DAOHashesEligibilityPredicate.verifyEcosystemSettings
FNDA:0,DAOHashesEligibilityPredicate.verifyEcosystemSettings
DA:45,0
DA:45,0
DA:45,0
FNF:2
FNH:0
LF:2
LH:0
BRF:0
BRH:0
end_of_record
TN:
SF:contracts/hashes_collections/predicates/StaticMintFeePredicateCloneable.sol
FN:21,StaticMintFeePredicateCloneable.initialize
FNDA:0,StaticMintFeePredicateCloneable.initialize
DA:22,0
DA:22,0
BRDA:22,0,0,-
BRDA:22,0,1,-
DA:24,0
DA:24,0
DA:26,0
DA:26,0
FN:37,StaticMintFeePredicateCloneable.getTokenMintFee
FNDA:0,StaticMintFeePredicateCloneable.getTokenMintFee
DA:38,0
DA:38,0
BRDA:38,1,0,-
BRDA:38,1,1,-
DA:40,0
DA:40,0
FN:49,StaticMintFeePredicateCloneable.verifyEcosystemSettings
FNDA:0,StaticMintFeePredicateCloneable.verifyEcosystemSettings
DA:50,0
DA:50,0
DA:50,0
FNF:3
FNH:0
LF:6
LH:0
BRF:4
BRH:0
end_of_record
TN:
SF:contracts/lib/LibBytes.sol
FN:30,LibBytes.rawAddress
FNDA:0,LibBytes.rawAddress
DA:32,0
DA:32,0
DA:34,0
DA:34,0
FN:40,LibBytes.contentAddress
FNDA:0,LibBytes.contentAddress
DA:42,0
DA:42,0
DA:44,0
DA:44,0
FN:51,LibBytes.memCopy
FNDA:0,LibBytes.memCopy
DA:52,0
DA:52,0
BRDA:52,0,0,-
BRDA:52,0,1,-
DA:64,0
DA:64,0
BRDA:64,1,0,-
BRDA:64,1,1,-
DA:65,0
DA:65,0
DA:83,0
DA:83,0
BRDA:83,2,0,-
BRDA:83,2,1,-
DA:89,0
DA:89,0
DA:120,0
DA:120,0
FN:160,LibBytes.slice
FNDA:0,LibBytes.slice
DA:161,0
DA:161,0
BRDA:161,3,0,-
BRDA:161,3,1,-
DA:162,0
DA:162,0
BRDA:162,4,0,-
BRDA:162,4,1,-
DA:165,0
DA:165,0
DA:166,0
DA:166,0
DA:167,0
DA:167,0
FN:176,LibBytes.sliceDestructive
FNDA:0,LibBytes.sliceDestructive
DA:177,0
DA:177,0
BRDA:177,5,0,-
BRDA:177,5,1,-
DA:178,0
DA:178,0
BRDA:178,6,0,-
BRDA:178,6,1,-
DA:182,0
DA:182,0
DA:185,0
DA:185,0
FN:191,LibBytes.popLastByte
FNDA:0,LibBytes.popLastByte
DA:192,0
DA:192,0
BRDA:192,7,0,-
BRDA:192,7,1,-
DA:195,0
DA:195,0
DA:202,0
DA:202,0
FN:208,LibBytes.popLast20Bytes
FNDA:0,LibBytes.popLast20Bytes
DA:209,0
DA:209,0
BRDA:209,8,0,-
BRDA:209,8,1,-
DA:212,0
DA:212,0
DA:219,0
DA:219,0
FN:226,LibBytes.equals
FNDA:0,LibBytes.equals
DA:230,0
DA:230,0
DA:230,0
DA:230,0
DA:230,0
DA:230,0
DA:230,0
FN:237,LibBytes.readAddress
FNDA:0,LibBytes.readAddress
DA:238,0
DA:238,0
BRDA:238,9,0,-
BRDA:238,9,1,-
DA:246,0
DA:246,0
DA:253,0
DA:253,0
DA:255,0
DA:255,0
FN:262,LibBytes.writeAddress
FNDA:0,LibBytes.writeAddress
DA:263,0
DA:263,0
BRDA:263,10,0,-
BRDA:263,10,1,-
DA:271,0
DA:271,0
DA:290,0
DA:290,0
FN:301,LibBytes.readBytes32
FNDA:0,LibBytes.readBytes32
DA:302,0
DA:302,0
BRDA:302,11,0,-
BRDA:302,11,1,-
DA:305,0
DA:305,0
DA:309,0
DA:309,0
DA:311,0
DA:311,0
FN:318,LibBytes.writeBytes32
FNDA:0,LibBytes.writeBytes32
DA:319,0
DA:319,0
BRDA:319,12,0,-
BRDA:319,12,1,-
DA:322,0
DA:322,0
FN:334,LibBytes.readUint256
FNDA:0,LibBytes.readUint256
DA:335,0
DA:335,0
DA:336,0
DA:336,0
FN:343,LibBytes.writeUint256
FNDA:0,LibBytes.writeUint256
DA:344,0
DA:344,0
FN:351,LibBytes.readBytes4
FNDA:0,LibBytes.readBytes4
DA:352,0
DA:352,0
BRDA:352,13,0,-
BRDA:352,13,1,-
DA:355,0
DA:355,0
DA:359,0
DA:359,0
DA:362,0
DA:362,0
DA:364,0
DA:364,0
FN:371,LibBytes.readBytes2
FNDA:0,LibBytes.readBytes2
DA:372,0
DA:372,0
BRDA:372,14,0,-
BRDA:372,14,1,-
DA:375,0
DA:375,0
DA:379,0
DA:379,0
DA:382,0
DA:382,0
DA:384,0
DA:384,0
FN:393,LibBytes.readBytesWithLength
FNDA:0,LibBytes.readBytesWithLength
DA:395,0
DA:395,0
DA:395,0
DA:396,0
DA:396,0
DA:400,0
DA:400,0
BRDA:400,15,0,-
BRDA:400,15,1,-
DA:404,0
DA:404,0
DA:406,0
DA:406,0
FN:413,LibBytes.writeBytesWithLength
FNDA:0,LibBytes.writeBytesWithLength
DA:416,0
DA:416,0
BRDA:416,16,0,-
BRDA:416,16,1,-
DA:422,0
DA:422,0
FN:432,LibBytes.deepCopyBytes
FNDA:0,LibBytes.deepCopyBytes
DA:433,0
DA:433,0
DA:435,0
DA:435,0
BRDA:435,17,0,-
BRDA:435,17,1,-
DA:436,0
DA:436,0
FNF:19
FNH:0
LF:62
LH:0
BRF:36
BRH:0
end_of_record
TN:
SF:contracts/lib/LibClone.sol
FN:28,LibClone.createClone
FNDA:0,LibClone.createClone
DA:29,0
DA:29,0
DA:29,0
DA:35,0
DA:35,0
FN:39,LibClone.isClone
FNDA:0,LibClone.isClone
DA:40,0
DA:40,0
DA:40,0
DA:49,0
DA:49,0
FNF:2
FNH:0
LF:4
LH:0
BRF:0
BRH:0
end_of_record
TN:
SF:contracts/lib/LibDeactivateAuthority.sol
FN:24,LibDeactivateAuthority.getDeactivateAuthorityHash
FNDA:0,LibDeactivateAuthority.getDeactivateAuthorityHash
DA:28,0
DA:28,0
DA:29,0
DA:29,0
FN:35,LibDeactivateAuthority.hashDeactivateAuthority
FNDA:0,LibDeactivateAuthority.hashDeactivateAuthority
DA:37,0
DA:37,0
DA:41,0
BRDA:41,0,0,-
DA:53,0
DA:53,0
DA:58,0
DA:58,0
FNF:2
FNH:0
LF:6
LH:0
BRF:1
BRH:0
end_of_record
TN:
SF:contracts/lib/LibDeactivateToken.sol
FN:24,LibDeactivateToken.getDeactivateTokenHash
FNDA:0,LibDeactivateToken.getDeactivateTokenHash
DA:28,0
DA:28,0
DA:29,0
DA:29,0
FN:35,LibDeactivateToken.hashDeactivateToken
FNDA:0,LibDeactivateToken.hashDeactivateToken
DA:37,0
DA:37,0
DA:41,0
BRDA:41,0,0,-
DA:53,0
DA:53,0
DA:58,0
DA:58,0
FNF:2
FNH:0
LF:6
LH:0
BRF:1
BRH:0
end_of_record
TN:
SF:contracts/lib/LibEIP712.sol
FN:40,LibEIP712.hashEIP712Domain
FNDA:0,LibEIP712.hashEIP712Domain
DA:46,0
DA:46,0
DA:73,0
DA:73,0
DA:75,0
DA:75,0
FN:83,LibEIP712.hashEIP712Message
FNDA:0,LibEIP712.hashEIP712Message
DA:100,0
DA:100,0
DA:102,0
DA:102,0
FNF:2
FNH:0
LF:5
LH:0
BRF:0
BRH:0
end_of_record
TN:
SF:contracts/lib/LibSignature.sol
FN:28,LibSignature.getSignerOfHash
FNDA:0,LibSignature.getSignerOfHash
DA:29,0
DA:29,0
BRDA:29,0,0,-
BRDA:29,0,1,-
DA:32,0
DA:32,0
DA:32,0
DA:33,0
DA:33,0
DA:34,0
DA:34,0
DA:36,0
DA:36,0
DA:37,0
DA:37,0
DA:41,0
DA:41,0
DA:44,0
DA:44,0
DA:44,0
DA:47,0
DA:47,0
BRDA:47,1,0,-
BRDA:47,1,1,-
DA:48,0
DA:48,0
FN:75,LibSignature.validateSignatureMalleabilityLimits
FNDA:0,LibSignature.validateSignatureMalleabilityLimits
DA:78,0
DA:78,0
BRDA:78,2,0,-
BRDA:78,2,1,-
DA:79,0
DA:79,0
BRDA:79,3,0,-
BRDA:79,3,1,-
DA:80,0
DA:80,0
BRDA:80,4,0,-
BRDA:80,4,1,-
FNF:2
FNH:0
LF:13
LH:0
BRF:10
BRH:0
end_of_record
TN:
SF:contracts/lib/LibVeto.sol
FN:25,LibVeto.getVetoHash
FNDA:0,LibVeto.getVetoHash
DA:26,0
DA:26,0
DA:27,0
DA:27,0
FN:33,LibVeto.hashVeto
FNDA:0,LibVeto.hashVeto
DA:35,0
DA:35,0
DA:39,0
BRDA:39,0,0,-
DA:51,0
DA:51,0
DA:56,0
DA:56,0
FNF:2
FNH:0
LF:6
LH:0
BRF:1
BRH:0
end_of_record
TN:
SF:contracts/lib/LibVoteCast.sol
FN:29,LibVoteCast.getVoteCastHash
FNDA:0,LibVoteCast.getVoteCastHash
DA:33,0
DA:33,0
DA:34,0
DA:34,0
FN:40,LibVoteCast.hashVoteCast
FNDA:0,LibVoteCast.hashVoteCast
DA:42,0
DA:42,0
DA:46,0
BRDA:46,0,0,-
DA:58,0
DA:58,0
DA:63,0
DA:63,0
FNF:2
FNH:0
LF:6
LH:0
BRF:1
BRH:0
end_of_record
TN:
SF:contracts/lib/MathHelpers.sol
FN:22,MathHelpers.proportion256
FNDA:0,MathHelpers.proportion256
DA:23,0
DA:23,0
DA:23,0
FN:29,MathHelpers.min
FNDA:0,MathHelpers.min
DA:30,0
DA:30,0
DA:30,0
FNF:2
FNH:0
LF:2
LH:0
BRF:0
BRH:0
end_of_record
